Copyright 1986-2022 Xilinx, Inc. All Rights Reserved. Copyright 2022-2024 Advanced Micro Devices, Inc. All Rights Reserved.
------------------------------------------------------------------------------------------------------------------------------------------------------------------------------------------------------------------
| Tool Version : Vivado v.2024.2 (win64) Build 5239630 Fri Nov 08 22:35:27 MST 2024
| Date         : Wed Jul  9 19:00:07 2025
| Host         : Jagga running 64-bit major release  (build 9200)
| Command      : report_timing_summary -max_paths 10 -report_unconstrained -file dmux4_1_timing_summary_routed.rpt -pb dmux4_1_timing_summary_routed.pb -rpx dmux4_1_timing_summary_routed.rpx -warn_on_violation
| Design       : dmux4_1
| Device       : 7a35ti-csg325
| Speed File   : -1L  PRODUCTION 1.23 2018-06-13
| Design State : Routed
------------------------------------------------------------------------------------------------------------------------------------------------------------------------------------------------------------------

Timing Summary Report

------------------------------------------------------------------------------------------------
| Timer Settings
| --------------
------------------------------------------------------------------------------------------------

  Enable Multi Corner Analysis               :  Yes
  Enable Pessimism Removal                   :  Yes
  Pessimism Removal Resolution               :  Nearest Common Node
  Enable Input Delay Default Clock           :  No
  Enable Preset / Clear Arcs                 :  No
  Disable Flight Delays                      :  No
  Ignore I/O Paths                           :  No
  Timing Early Launch at Borrowing Latches   :  No
  Borrow Time for Max Delay Exceptions       :  Yes
  Merge Timing Exceptions                    :  Yes
  Inter-SLR Compensation                     :  Conservative

  Corner  Analyze    Analyze    
  Name    Max Paths  Min Paths  
  ------  ---------  ---------  
  Slow    Yes        Yes        
  Fast    Yes        Yes        


------------------------------------------------------------------------------------------------
| Report Methodology
| ------------------
------------------------------------------------------------------------------------------------

No report available as report_methodology has not been run prior. Run report_methodology on the current design for the summary of methodology violations.



check_timing report

Table of Contents
-----------------
1. checking no_clock (0)
2. checking constant_clock (0)
3. checking pulse_width_clock (0)
4. checking unconstrained_internal_endpoints (0)
5. checking no_input_delay (0)
6. checking no_output_delay (0)
7. checking multiple_clock (0)
8. checking generated_clocks (0)
9. checking loops (0)
10. checking partial_input_delay (0)
11. checking partial_output_delay (0)
12. checking latch_loops (0)

1. checking no_clock (0)
------------------------
 There are 0 register/latch pins with no clock.


2. checking constant_clock (0)
------------------------------
 There are 0 register/latch pins with constant_clock.


3. checking pulse_width_clock (0)
---------------------------------
 There are 0 register/latch pins which need pulse_width check


4. checking unconstrained_internal_endpoints (0)
------------------------------------------------
 There are 0 pins that are not constrained for maximum delay.

 There are 0 pins that are not constrained for maximum delay due to constant clock.


5. checking no_input_delay (0)
------------------------------
 There are 0 input ports with no input delay specified.

 There are 0 input ports with no input delay but user has a false path constraint.


6. checking no_output_delay (0)
-------------------------------
 There are 0 ports with no output delay specified.

 There are 0 ports with no output delay but user has a false path constraint

 There are 0 ports with no output delay but with a timing clock defined on it or propagating through it


7. checking multiple_clock (0)
------------------------------
 There are 0 register/latch pins with multiple clocks.


8. checking generated_clocks (0)
--------------------------------
 There are 0 generated clocks that are not connected to a clock source.


9. checking loops (0)
---------------------
 There are 0 combinational loops in the design.


10. checking partial_input_delay (0)
------------------------------------
 There are 0 input ports with partial input delay specified.


11. checking partial_output_delay (0)
-------------------------------------
 There are 0 ports with partial output delay specified.


12. checking latch_loops (0)
----------------------------
 There are 0 combinational latch loops in the design through latch input



------------------------------------------------------------------------------------------------
| Design Timing Summary
| ---------------------
------------------------------------------------------------------------------------------------

    WNS(ns)      TNS(ns)  TNS Failing Endpoints  TNS Total Endpoints      WHS(ns)      THS(ns)  THS Failing Endpoints  THS Total Endpoints     WPWS(ns)     TPWS(ns)  TPWS Failing Endpoints  TPWS Total Endpoints  
    -------      -------  ---------------------  -------------------      -------      -------  ---------------------  -------------------     --------     --------  ----------------------  --------------------  
        inf        0.000                      0                    3          inf        0.000                      0                    3           NA           NA                      NA                    NA  


There are no user specified timing constraints.


------------------------------------------------------------------------------------------------
| Clock Summary
| -------------
------------------------------------------------------------------------------------------------


------------------------------------------------------------------------------------------------
| Intra Clock Table
| -----------------
------------------------------------------------------------------------------------------------

Clock             WNS(ns)      TNS(ns)  TNS Failing Endpoints  TNS Total Endpoints      WHS(ns)      THS(ns)  THS Failing Endpoints  THS Total Endpoints     WPWS(ns)     TPWS(ns)  TPWS Failing Endpoints  TPWS Total Endpoints  
-----             -------      -------  ---------------------  -------------------      -------      -------  ---------------------  -------------------     --------     --------  ----------------------  --------------------  


------------------------------------------------------------------------------------------------
| Inter Clock Table
| -----------------
------------------------------------------------------------------------------------------------

From Clock    To Clock          WNS(ns)      TNS(ns)  TNS Failing Endpoints  TNS Total Endpoints      WHS(ns)      THS(ns)  THS Failing Endpoints  THS Total Endpoints  
----------    --------          -------      -------  ---------------------  -------------------      -------      -------  ---------------------  -------------------  


------------------------------------------------------------------------------------------------
| Other Path Groups Table
| -----------------------
------------------------------------------------------------------------------------------------

Path Group    From Clock    To Clock          WNS(ns)      TNS(ns)  TNS Failing Endpoints  TNS Total Endpoints      WHS(ns)      THS(ns)  THS Failing Endpoints  THS Total Endpoints  
----------    ----------    --------          -------      -------  ---------------------  -------------------      -------      -------  ---------------------  -------------------  


------------------------------------------------------------------------------------------------
| User Ignored Path Table
| -----------------------
------------------------------------------------------------------------------------------------

Path Group    From Clock    To Clock    
----------    ----------    --------    


------------------------------------------------------------------------------------------------
| Unconstrained Path Table
| ------------------------
------------------------------------------------------------------------------------------------

Path Group    From Clock    To Clock    
----------    ----------    --------    
(none)                                    


------------------------------------------------------------------------------------------------
| Timing Details
| --------------
------------------------------------------------------------------------------------------------


--------------------------------------------------------------------------------------
Path Group:  (none)
From Clock:  
  To Clock:  

Max Delay             3 Endpoints
Min Delay             3 Endpoints
--------------------------------------------------------------------------------------


Max Delay Paths
--------------------------------------------------------------------------------------
Slack:                    inf
  Source:                 s[0]
                            (input port)
  Destination:            y[2]
                            (output port)
  Path Group:             (none)
  Path Type:              Max at Slow Process Corner
  Data Path Delay:        7.183ns  (logic 3.934ns (54.773%)  route 3.248ns (45.227%))
  Logic Levels:           3  (IBUF=1 LUT3=1 OBUF=1)

    Location             Delay type                Incr(ns)  Path(ns)    Netlist Resource(s)
  -------------------------------------------------------------------    -------------------
    U10                                               0.000     0.000 r  s[0] (IN)
                         net (fo=0)                   0.000     0.000    s[0]
    U10                  IBUF (Prop_ibuf_I_O)         0.962     0.962 r  s_IBUF[0]_inst/O
                         net (fo=3, routed)           1.435     2.397    s_IBUF[0]
    SLICE_X0Y2           LUT3 (Prop_lut3_I0_O)        0.152     2.549 r  y_OBUF[2]_inst_i_1/O
                         net (fo=1, routed)           1.813     4.363    y_OBUF[2]
    U11                  OBUF (Prop_obuf_I_O)         2.820     7.183 r  y_OBUF[2]_inst/O
                         net (fo=0)                   0.000     7.183    y[2]
    U11                                                               r  y[2] (OUT)
  -------------------------------------------------------------------    -------------------

Slack:                    inf
  Source:                 s[0]
                            (input port)
  Destination:            y[3]
                            (output port)
  Path Group:             (none)
  Path Type:              Max at Slow Process Corner
  Data Path Delay:        6.845ns  (logic 3.698ns (54.028%)  route 3.147ns (45.972%))
  Logic Levels:           3  (IBUF=1 LUT3=1 OBUF=1)

    Location             Delay type                Incr(ns)  Path(ns)    Netlist Resource(s)
  -------------------------------------------------------------------    -------------------
    U10                                               0.000     0.000 r  s[0] (IN)
                         net (fo=0)                   0.000     0.000    s[0]
    U10                  IBUF (Prop_ibuf_I_O)         0.962     0.962 r  s_IBUF[0]_inst/O
                         net (fo=3, routed)           1.435     2.397    s_IBUF[0]
    SLICE_X0Y2           LUT3 (Prop_lut3_I0_O)        0.124     2.521 r  y_OBUF[3]_inst_i_1/O
                         net (fo=1, routed)           1.712     4.233    y_OBUF[3]
    U12                  OBUF (Prop_obuf_I_O)         2.612     6.845 r  y_OBUF[3]_inst/O
                         net (fo=0)                   0.000     6.845    y[3]
    U12                                                               r  y[3] (OUT)
  -------------------------------------------------------------------    -------------------

Slack:                    inf
  Source:                 s[0]
                            (input port)
  Destination:            y[1]
                            (output port)
  Path Group:             (none)
  Path Type:              Max at Slow Process Corner
  Data Path Delay:        6.808ns  (logic 3.706ns (54.436%)  route 3.102ns (45.564%))
  Logic Levels:           3  (IBUF=1 LUT3=1 OBUF=1)

    Location             Delay type                Incr(ns)  Path(ns)    Netlist Resource(s)
  -------------------------------------------------------------------    -------------------
    U10                                               0.000     0.000 f  s[0] (IN)
                         net (fo=0)                   0.000     0.000    s[0]
    U10                  IBUF (Prop_ibuf_I_O)         0.962     0.962 f  s_IBUF[0]_inst/O
                         net (fo=3, routed)           1.428     2.390    s_IBUF[0]
    SLICE_X0Y2           LUT3 (Prop_lut3_I1_O)        0.124     2.514 r  y_OBUF[1]_inst_i_1/O
                         net (fo=1, routed)           1.674     4.188    y_OBUF[1]
    V11                  OBUF (Prop_obuf_I_O)         2.620     6.808 r  y_OBUF[1]_inst/O
                         net (fo=0)                   0.000     6.808    y[1]
    V11                                                               r  y[1] (OUT)
  -------------------------------------------------------------------    -------------------





Min Delay Paths
--------------------------------------------------------------------------------------
Slack:                    inf
  Source:                 i
                            (input port)
  Destination:            y[1]
                            (output port)
  Path Group:             (none)
  Path Type:              Min at Fast Process Corner
  Data Path Delay:        2.067ns  (logic 1.394ns (67.436%)  route 0.673ns (32.564%))
  Logic Levels:           3  (IBUF=1 LUT3=1 OBUF=1)

    Location             Delay type                Incr(ns)  Path(ns)    Netlist Resource(s)
  -------------------------------------------------------------------    -------------------
    U9                                                0.000     0.000 r  i (IN)
                         net (fo=0)                   0.000     0.000    i
    U9                   IBUF (Prop_ibuf_I_O)         0.213     0.213 r  i_IBUF_inst/O
                         net (fo=3, routed)           0.348     0.561    i_IBUF
    SLICE_X0Y2           LUT3 (Prop_lut3_I0_O)        0.045     0.606 r  y_OBUF[1]_inst_i_1/O
                         net (fo=1, routed)           0.325     0.931    y_OBUF[1]
    V11                  OBUF (Prop_obuf_I_O)         1.136     2.067 r  y_OBUF[1]_inst/O
                         net (fo=0)                   0.000     2.067    y[1]
    V11                                                               r  y[1] (OUT)
  -------------------------------------------------------------------    -------------------

Slack:                    inf
  Source:                 s[1]
                            (input port)
  Destination:            y[3]
                            (output port)
  Path Group:             (none)
  Path Type:              Min at Fast Process Corner
  Data Path Delay:        2.147ns  (logic 1.390ns (64.761%)  route 0.757ns (35.239%))
  Logic Levels:           3  (IBUF=1 LUT3=1 OBUF=1)

    Location             Delay type                Incr(ns)  Path(ns)    Netlist Resource(s)
  -------------------------------------------------------------------    -------------------
    V9                                                0.000     0.000 r  s[1] (IN)
                         net (fo=0)                   0.000     0.000    s[1]
    V9                   IBUF (Prop_ibuf_I_O)         0.216     0.216 r  s_IBUF[1]_inst/O
                         net (fo=3, routed)           0.400     0.616    s_IBUF[1]
    SLICE_X0Y2           LUT3 (Prop_lut3_I2_O)        0.045     0.661 r  y_OBUF[3]_inst_i_1/O
                         net (fo=1, routed)           0.357     1.018    y_OBUF[3]
    U12                  OBUF (Prop_obuf_I_O)         1.129     2.147 r  y_OBUF[3]_inst/O
                         net (fo=0)                   0.000     2.147    y[3]
    U12                                                               r  y[3] (OUT)
  -------------------------------------------------------------------    -------------------

Slack:                    inf
  Source:                 s[1]
                            (input port)
  Destination:            y[2]
                            (output port)
  Path Group:             (none)
  Path Type:              Min at Fast Process Corner
  Data Path Delay:        2.255ns  (logic 1.461ns (64.785%)  route 0.794ns (35.215%))
  Logic Levels:           3  (IBUF=1 LUT3=1 OBUF=1)

    Location             Delay type                Incr(ns)  Path(ns)    Netlist Resource(s)
  -------------------------------------------------------------------    -------------------
    V9                                                0.000     0.000 f  s[1] (IN)
                         net (fo=0)                   0.000     0.000    s[1]
    V9                   IBUF (Prop_ibuf_I_O)         0.216     0.216 f  s_IBUF[1]_inst/O
                         net (fo=3, routed)           0.400     0.616    s_IBUF[1]
    SLICE_X0Y2           LUT3 (Prop_lut3_I2_O)        0.048     0.664 r  y_OBUF[2]_inst_i_1/O
                         net (fo=1, routed)           0.394     1.059    y_OBUF[2]
    U11                  OBUF (Prop_obuf_I_O)         1.197     2.255 r  y_OBUF[2]_inst/O
                         net (fo=0)                   0.000     2.255    y[2]
    U11                                                               r  y[2] (OUT)
  -------------------------------------------------------------------    -------------------





