
*** Running vivado
    with args -log register_file.vdi -applog -m64 -product Vivado -messageDb vivado.pb -mode batch -source register_file.tcl -notrace



****** Vivado v2024.2 (64-bit)
  **** SW Build 5239630 on Fri Nov 08 22:35:27 MST 2024
  **** IP Build 5239520 on Sun Nov 10 16:12:51 MST 2024
  **** SharedData Build 5239561 on Fri Nov 08 14:39:27 MST 2024
  **** Start of session at: Fri Sep 12 16:22:36 2025
    ** Copyright 1986-2022 Xilinx, Inc. All Rights Reserved.
    ** Copyright 2022-2024 Advanced Micro Devices, Inc. All Rights Reserved.

source register_file.tcl -notrace
Command: link_design -top register_file -part xc7a35tfgg484-3
Design is defaulting to srcset: sources_1
Design is defaulting to constrset: constrs_1
INFO: [Device 21-403] Loading part xc7a35tfgg484-3
Netlist sorting complete. Time (s): cpu = 00:00:00 ; elapsed = 00:00:00 . Memory (MB): peak = 546.039 ; gain = 0.000
INFO: [Netlist 29-17] Analyzing 6 Unisim elements for replacement
INFO: [Netlist 29-28] Unisim Transformation completed in 0 CPU seconds
INFO: [Project 1-479] Netlist was created with Vivado 2024.2
INFO: [Project 1-570] Preparing netlist for logic optimization
Parsing XDC File [D:/Vivado/Register_Files/Register_Files.srcs/constrs_1/new/clk.xdc]
Finished Parsing XDC File [D:/Vivado/Register_Files/Register_Files.srcs/constrs_1/new/clk.xdc]
INFO: [Opt 31-138] Pushed 0 inverter(s) to 0 load pin(s).
Netlist sorting complete. Time (s): cpu = 00:00:00 ; elapsed = 00:00:00 . Memory (MB): peak = 678.926 ; gain = 0.000
INFO: [Project 1-111] Unisim Transformation Summary:
  A total of 6 instances were transformed.
  RAM32M => RAM32M (RAMD32(x6), RAMS32(x2)): 6 instances

7 Infos, 0 Warnings, 0 Critical Warnings and 0 Errors encountered.
link_design completed successfully
link_design: Time (s): cpu = 00:00:04 ; elapsed = 00:00:05 . Memory (MB): peak = 678.926 ; gain = 333.309
Command: opt_design
Attempting to get a license for feature 'Implementation' and/or device 'xc7a35t'
INFO: [Common 17-349] Got license for feature 'Implementation' and/or device 'xc7a35t'
Running DRC as a precondition to command opt_design

Starting DRC Task
INFO: [DRC 23-27] Running DRC with 2 threads
INFO: [Project 1-461] DRC finished with 0 Errors
INFO: [Project 1-462] Please refer to the DRC report (report_drc) for more information.

Time (s): cpu = 00:00:02 ; elapsed = 00:00:01 . Memory (MB): peak = 710.066 ; gain = 31.141

Starting Cache Timing Information Task
INFO: [Timing 38-35] Done setting XDC timing constraints.
Ending Cache Timing Information Task | Checksum: 1af357d92

Time (s): cpu = 00:00:07 ; elapsed = 00:00:08 . Memory (MB): peak = 1255.145 ; gain = 545.078

Starting Logic Optimization Task

Phase 1 Initialization

Phase 1.1 Core Generation And Design Setup
Phase 1.1 Core Generation And Design Setup | Checksum: 1af357d92

Time (s): cpu = 00:00:00 ; elapsed = 00:00:00.005 . Memory (MB): peak = 1657.117 ; gain = 0.000

Phase 1.2 Setup Constraints And Sort Netlist
Phase 1.2 Setup Constraints And Sort Netlist | Checksum: 1af357d92

Time (s): cpu = 00:00:00 ; elapsed = 00:00:00.010 . Memory (MB): peak = 1657.117 ; gain = 0.000
Phase 1 Initialization | Checksum: 1af357d92

Time (s): cpu = 00:00:00 ; elapsed = 00:00:00.010 . Memory (MB): peak = 1657.117 ; gain = 0.000

Phase 2 Timer Update And Timing Data Collection

Phase 2.1 Timer Update
Phase 2.1 Timer Update | Checksum: 1af357d92

Time (s): cpu = 00:00:00 ; elapsed = 00:00:00.025 . Memory (MB): peak = 1657.117 ; gain = 0.000

Phase 2.2 Timing Data Collection
Phase 2.2 Timing Data Collection | Checksum: 1af357d92

Time (s): cpu = 00:00:00 ; elapsed = 00:00:00.049 . Memory (MB): peak = 1657.117 ; gain = 0.000
Phase 2 Timer Update And Timing Data Collection | Checksum: 1af357d92

Time (s): cpu = 00:00:00 ; elapsed = 00:00:00.049 . Memory (MB): peak = 1657.117 ; gain = 0.000

Phase 3 Retarget
INFO: [Opt 31-1851] Number of loadless carry chains removed were: 0
INFO: [Opt 31-1834] Total Chains To Be Transformed Were: 0 AND Number of Transformed insts Created are: 0
INFO: [Opt 31-138] Pushed 0 inverter(s) to 0 load pin(s).
INFO: [Opt 31-49] Retargeted 0 cell(s).
Phase 3 Retarget | Checksum: 1af357d92

Time (s): cpu = 00:00:00 ; elapsed = 00:00:00.065 . Memory (MB): peak = 1657.117 ; gain = 0.000
Retarget | Checksum: 1af357d92
INFO: [Opt 31-389] Phase Retarget created 0 cells and removed 0 cells

Phase 4 Constant propagation
INFO: [Opt 31-138] Pushed 0 inverter(s) to 0 load pin(s).
Phase 4 Constant propagation | Checksum: 1af357d92

Time (s): cpu = 00:00:00 ; elapsed = 00:00:00.067 . Memory (MB): peak = 1657.117 ; gain = 0.000
Constant propagation | Checksum: 1af357d92
INFO: [Opt 31-389] Phase Constant propagation created 0 cells and removed 0 cells

Phase 5 Sweep
INFO: [Constraints 18-11670] Building netlist checker database with flags, 0x8
Done building netlist checker database: Time (s): cpu = 00:00:00 ; elapsed = 00:00:00 . Memory (MB): peak = 1657.117 ; gain = 0.000
Phase 5 Sweep | Checksum: 1af357d92

Time (s): cpu = 00:00:00 ; elapsed = 00:00:00.073 . Memory (MB): peak = 1657.117 ; gain = 0.000
Sweep | Checksum: 1af357d92
INFO: [Opt 31-389] Phase Sweep created 0 cells and removed 0 cells

Phase 6 BUFG optimization
Phase 6 BUFG optimization | Checksum: 1af357d92

Time (s): cpu = 00:00:00 ; elapsed = 00:00:00.128 . Memory (MB): peak = 1657.117 ; gain = 0.000
BUFG optimization | Checksum: 1af357d92
INFO: [Opt 31-662] Phase BUFG optimization created 0 cells of which 0 are BUFGs and removed 0 cells.

Phase 7 Shift Register Optimization
INFO: [Opt 31-1064] SRL Remap converted 0 SRLs to 0 registers and converted 0 registers of register chains to 0 SRLs
Phase 7 Shift Register Optimization | Checksum: 1af357d92

Time (s): cpu = 00:00:00 ; elapsed = 00:00:00.130 . Memory (MB): peak = 1657.117 ; gain = 0.000
Shift Register Optimization | Checksum: 1af357d92
INFO: [Opt 31-389] Phase Shift Register Optimization created 0 cells and removed 0 cells

Phase 8 Post Processing Netlist
Phase 8 Post Processing Netlist | Checksum: 1af357d92

Time (s): cpu = 00:00:00 ; elapsed = 00:00:00.134 . Memory (MB): peak = 1657.117 ; gain = 0.000
Post Processing Netlist | Checksum: 1af357d92
INFO: [Opt 31-389] Phase Post Processing Netlist created 0 cells and removed 0 cells

Phase 9 Finalization

Phase 9.1 Finalizing Design Cores and Updating Shapes
Phase 9.1 Finalizing Design Cores and Updating Shapes | Checksum: 1af357d92

Time (s): cpu = 00:00:00 ; elapsed = 00:00:00.136 . Memory (MB): peak = 1657.117 ; gain = 0.000

Phase 9.2 Verifying Netlist Connectivity

Starting Connectivity Check Task

Time (s): cpu = 00:00:00 ; elapsed = 00:00:00.011 . Memory (MB): peak = 1657.117 ; gain = 0.000
Phase 9.2 Verifying Netlist Connectivity | Checksum: 1af357d92

Time (s): cpu = 00:00:00 ; elapsed = 00:00:00.147 . Memory (MB): peak = 1657.117 ; gain = 0.000
Phase 9 Finalization | Checksum: 1af357d92

Time (s): cpu = 00:00:00 ; elapsed = 00:00:00.147 . Memory (MB): peak = 1657.117 ; gain = 0.000
Opt_design Change Summary
=========================


-------------------------------------------------------------------------------------------------------------------------
|  Phase                        |  #Cells created  |  #Cells Removed  |  #Constrained objects preventing optimizations  |
-------------------------------------------------------------------------------------------------------------------------
|  Retarget                     |               0  |               0  |                                              0  |
|  Constant propagation         |               0  |               0  |                                              0  |
|  Sweep                        |               0  |               0  |                                              0  |
|  BUFG optimization            |               0  |               0  |                                              0  |
|  Shift Register Optimization  |               0  |               0  |                                              0  |
|  Post Processing Netlist      |               0  |               0  |                                              0  |
-------------------------------------------------------------------------------------------------------------------------


Ending Logic Optimization Task | Checksum: 1af357d92

Time (s): cpu = 00:00:00 ; elapsed = 00:00:00.149 . Memory (MB): peak = 1657.117 ; gain = 0.000

Starting Power Optimization Task
INFO: [Pwropt 34-132] Skipping clock gating for clocks with a period < 2.00 ns.
Ending Power Optimization Task | Checksum: 1af357d92

Time (s): cpu = 00:00:00 ; elapsed = 00:00:00.020 . Memory (MB): peak = 1657.117 ; gain = 0.000

Starting Final Cleanup Task
Ending Final Cleanup Task | Checksum: 1af357d92

Time (s): cpu = 00:00:00 ; elapsed = 00:00:00 . Memory (MB): peak = 1657.117 ; gain = 0.000

Starting Netlist Obfuscation Task
Netlist sorting complete. Time (s): cpu = 00:00:00 ; elapsed = 00:00:00.001 . Memory (MB): peak = 1657.117 ; gain = 0.000
Ending Netlist Obfuscation Task | Checksum: 1af357d92

Time (s): cpu = 00:00:00 ; elapsed = 00:00:00.001 . Memory (MB): peak = 1657.117 ; gain = 0.000
INFO: [Common 17-83] Releasing license: Implementation
27 Infos, 0 Warnings, 0 Critical Warnings and 0 Errors encountered.
opt_design completed successfully
opt_design: Time (s): cpu = 00:00:12 ; elapsed = 00:00:13 . Memory (MB): peak = 1657.117 ; gain = 978.191
INFO: [Vivado 12-24828] Executing command : report_drc -file register_file_drc_opted.rpt -pb register_file_drc_opted.pb -rpx register_file_drc_opted.rpx
Command: report_drc -file register_file_drc_opted.rpt -pb register_file_drc_opted.pb -rpx register_file_drc_opted.rpx
INFO: [IP_Flow 19-234] Refreshing IP repositories
INFO: [IP_Flow 19-1704] No user IP repositories specified
INFO: [IP_Flow 19-2313] Loaded Vivado IP repository 'C:/Xilinxvivado/Vivado/2024.2/data/ip'.
INFO: [DRC 23-27] Running DRC with 2 threads
INFO: [Vivado_Tcl 2-168] The results of DRC are in file D:/Vivado/Register_Files/Register_Files.runs/impl_1/register_file_drc_opted.rpt.
report_drc completed successfully
INFO: [Timing 38-480] Writing timing data to binary archive.
Write ShapeDB Complete: Time (s): cpu = 00:00:00 ; elapsed = 00:00:00.001 . Memory (MB): peak = 1657.117 ; gain = 0.000
INFO: [Common 17-1381] The checkpoint 'D:/Vivado/Register_Files/Register_Files.runs/impl_1/register_file_opt.dcp' has been generated.
Command: place_design
Attempting to get a license for feature 'Implementation' and/or device 'xc7a35t'
INFO: [Common 17-349] Got license for feature 'Implementation' and/or device 'xc7a35t'
INFO: [Common 17-83] Releasing license: Implementation
INFO: [DRC 23-27] Running DRC with 2 threads
INFO: [Vivado_Tcl 4-198] DRC finished with 0 Errors
INFO: [Vivado_Tcl 4-199] Please refer to the DRC report (report_drc) for more information.
Running DRC as a precondition to command place_design
INFO: [DRC 23-27] Running DRC with 2 threads
INFO: [Vivado_Tcl 4-198] DRC finished with 0 Errors
INFO: [Vivado_Tcl 4-199] Please refer to the DRC report (report_drc) for more information.
INFO: [Place 30-611] Multithreading enabled for place_design using a maximum of 2 CPUs

Starting Placer Task

Phase 1 Placer Initialization

Phase 1.1 Placer Initialization Netlist Sorting
Netlist sorting complete. Time (s): cpu = 00:00:00 ; elapsed = 00:00:00 . Memory (MB): peak = 1657.117 ; gain = 0.000
Phase 1.1 Placer Initialization Netlist Sorting | Checksum: c2b7ce42

Time (s): cpu = 00:00:00 ; elapsed = 00:00:00.008 . Memory (MB): peak = 1657.117 ; gain = 0.000
Netlist sorting complete. Time (s): cpu = 00:00:00 ; elapsed = 00:00:00 . Memory (MB): peak = 1657.117 ; gain = 0.000

Phase 1.2 IO Placement/ Clock Placement/ Build Placer Device
INFO: [Timing 38-35] Done setting XDC timing constraints.
Phase 1.2 IO Placement/ Clock Placement/ Build Placer Device | Checksum: 1cb5f3e1f

Time (s): cpu = 00:00:00 ; elapsed = 00:00:00.538 . Memory (MB): peak = 1657.117 ; gain = 0.000

Phase 1.3 Build Placer Netlist Model
WARNING: [Place 30-2953] Timing driven mode will be turned off because no critical terminals were found.
Phase 1.3 Build Placer Netlist Model | Checksum: 299db8f1e

Time (s): cpu = 00:00:00 ; elapsed = 00:00:00.779 . Memory (MB): peak = 1657.117 ; gain = 0.000

Phase 1.4 Constrain Clocks/Macros
Phase 1.4 Constrain Clocks/Macros | Checksum: 299db8f1e

Time (s): cpu = 00:00:00 ; elapsed = 00:00:00.785 . Memory (MB): peak = 1657.117 ; gain = 0.000
Phase 1 Placer Initialization | Checksum: 299db8f1e

Time (s): cpu = 00:00:00 ; elapsed = 00:00:00.807 . Memory (MB): peak = 1657.117 ; gain = 0.000

Phase 2 Global Placement

Phase 2.1 Floorplanning
Phase 2.1 Floorplanning | Checksum: 299db8f1e

Time (s): cpu = 00:00:01 ; elapsed = 00:00:00.830 . Memory (MB): peak = 1657.117 ; gain = 0.000

Phase 2.2 Update Timing before SLR Path Opt
Phase 2.2 Update Timing before SLR Path Opt | Checksum: 299db8f1e

Time (s): cpu = 00:00:01 ; elapsed = 00:00:00.833 . Memory (MB): peak = 1657.117 ; gain = 0.000

Phase 2.3 Post-Processing in Floorplanning
Phase 2.3 Post-Processing in Floorplanning | Checksum: 299db8f1e

Time (s): cpu = 00:00:01 ; elapsed = 00:00:00.834 . Memory (MB): peak = 1657.117 ; gain = 0.000

Phase 2.4 Global Place Phase1
Phase 2.4 Global Place Phase1 | Checksum: 247fe50dd

Time (s): cpu = 00:00:01 ; elapsed = 00:00:01 . Memory (MB): peak = 1657.117 ; gain = 0.000

Phase 2.5 Global Place Phase2
WARNING: [Place 46-29] Timing had been disabled during Placer and, therefore, physical synthesis in Placer will be skipped.
Phase 2.5 Global Place Phase2 | Checksum: 24359e586

Time (s): cpu = 00:00:01 ; elapsed = 00:00:01 . Memory (MB): peak = 1657.117 ; gain = 0.000
Phase 2 Global Placement | Checksum: 24359e586

Time (s): cpu = 00:00:01 ; elapsed = 00:00:01 . Memory (MB): peak = 1657.117 ; gain = 0.000

Phase 3 Detail Placement

Phase 3.1 Commit Multi Column Macros
Phase 3.1 Commit Multi Column Macros | Checksum: 24359e586

Time (s): cpu = 00:00:01 ; elapsed = 00:00:01 . Memory (MB): peak = 1657.117 ; gain = 0.000

Phase 3.2 Commit Most Macros & LUTRAMs
Phase 3.2 Commit Most Macros & LUTRAMs | Checksum: 252463204

Time (s): cpu = 00:00:01 ; elapsed = 00:00:01 . Memory (MB): peak = 1657.117 ; gain = 0.000

Phase 3.3 Area Swap Optimization
Phase 3.3 Area Swap Optimization | Checksum: 252463204

Time (s): cpu = 00:00:01 ; elapsed = 00:00:01 . Memory (MB): peak = 1657.117 ; gain = 0.000

Phase 3.4 Pipeline Register Optimization
Phase 3.4 Pipeline Register Optimization | Checksum: 252463204

Time (s): cpu = 00:00:01 ; elapsed = 00:00:01 . Memory (MB): peak = 1657.117 ; gain = 0.000

Phase 3.5 Small Shape Detail Placement
Phase 3.5 Small Shape Detail Placement | Checksum: 252463204

Time (s): cpu = 00:00:01 ; elapsed = 00:00:01 . Memory (MB): peak = 1657.117 ; gain = 0.000

Phase 3.6 Re-assign LUT pins
Phase 3.6 Re-assign LUT pins | Checksum: 252463204

Time (s): cpu = 00:00:01 ; elapsed = 00:00:01 . Memory (MB): peak = 1657.117 ; gain = 0.000

Phase 3.7 Pipeline Register Optimization
Phase 3.7 Pipeline Register Optimization | Checksum: 252463204

Time (s): cpu = 00:00:01 ; elapsed = 00:00:01 . Memory (MB): peak = 1657.117 ; gain = 0.000
Phase 3 Detail Placement | Checksum: 252463204

Time (s): cpu = 00:00:01 ; elapsed = 00:00:01 . Memory (MB): peak = 1657.117 ; gain = 0.000

Phase 4 Post Placement Optimization and Clean-Up

Phase 4.1 Post Commit Optimization
Phase 4.1 Post Commit Optimization | Checksum: 252463204

Time (s): cpu = 00:00:01 ; elapsed = 00:00:01 . Memory (MB): peak = 1657.117 ; gain = 0.000

Phase 4.2 Post Placement Cleanup
Phase 4.2 Post Placement Cleanup | Checksum: 252463204

Time (s): cpu = 00:00:01 ; elapsed = 00:00:01 . Memory (MB): peak = 1657.117 ; gain = 0.000

Phase 4.3 Placer Reporting

Phase 4.3.1 Print Estimated Congestion
INFO: [Place 30-612] Post-Placement Estimated Congestion 
 ____________________________________________________
|           | Global Congestion | Short Congestion  |
| Direction | Region Size       | Region Size       |
|___________|___________________|___________________|
|      North|                1x1|                1x1|
|___________|___________________|___________________|
|      South|                1x1|                1x1|
|___________|___________________|___________________|
|       East|                1x1|                1x1|
|___________|___________________|___________________|
|       West|                1x1|                1x1|
|___________|___________________|___________________|

Phase 4.3.1 Print Estimated Congestion | Checksum: 252463204

Time (s): cpu = 00:00:01 ; elapsed = 00:00:01 . Memory (MB): peak = 1657.117 ; gain = 0.000
Phase 4.3 Placer Reporting | Checksum: 252463204

Time (s): cpu = 00:00:01 ; elapsed = 00:00:01 . Memory (MB): peak = 1657.117 ; gain = 0.000

Phase 4.4 Final Placement Cleanup
Netlist sorting complete. Time (s): cpu = 00:00:00 ; elapsed = 00:00:00 . Memory (MB): peak = 1657.117 ; gain = 0.000

Time (s): cpu = 00:00:01 ; elapsed = 00:00:01 . Memory (MB): peak = 1657.117 ; gain = 0.000
Phase 4 Post Placement Optimization and Clean-Up | Checksum: 28270beec

Time (s): cpu = 00:00:01 ; elapsed = 00:00:01 . Memory (MB): peak = 1657.117 ; gain = 0.000
Ending Placer Task | Checksum: 1d2b331bb

Time (s): cpu = 00:00:01 ; elapsed = 00:00:01 . Memory (MB): peak = 1657.117 ; gain = 0.000
46 Infos, 2 Warnings, 0 Critical Warnings and 0 Errors encountered.
place_design completed successfully
INFO: [Vivado 12-24838] Running report commands "report_control_sets, report_io, report_utilization" in parallel.
Running report generation with 2 threads.
INFO: [Vivado 12-24828] Executing command : report_utilization -file register_file_utilization_placed.rpt -pb register_file_utilization_placed.pb
INFO: [Vivado 12-24828] Executing command : report_control_sets -verbose -file register_file_control_sets_placed.rpt
report_control_sets: Time (s): cpu = 00:00:00 ; elapsed = 00:00:00.003 . Memory (MB): peak = 1657.117 ; gain = 0.000
INFO: [Vivado 12-24828] Executing command : report_io -file register_file_io_placed.rpt
report_io: Time (s): cpu = 00:00:00 ; elapsed = 00:00:00.107 . Memory (MB): peak = 1657.117 ; gain = 0.000
INFO: [Timing 38-480] Writing timing data to binary archive.
Write ShapeDB Complete: Time (s): cpu = 00:00:00 ; elapsed = 00:00:00.002 . Memory (MB): peak = 1657.117 ; gain = 0.000
Wrote PlaceDB: Time (s): cpu = 00:00:00 ; elapsed = 00:00:00.012 . Memory (MB): peak = 1657.117 ; gain = 0.000
Wrote PulsedLatchDB: Time (s): cpu = 00:00:00 ; elapsed = 00:00:00 . Memory (MB): peak = 1657.117 ; gain = 0.000
Writing XDEF routing.
Writing XDEF routing logical nets.
Writing XDEF routing special nets.
Wrote RouteStorage: Time (s): cpu = 00:00:00 ; elapsed = 00:00:00.026 . Memory (MB): peak = 1657.117 ; gain = 0.000
Wrote Netlist Cache: Time (s): cpu = 00:00:00 ; elapsed = 00:00:00 . Memory (MB): peak = 1657.117 ; gain = 0.000
Wrote Device Cache: Time (s): cpu = 00:00:00 ; elapsed = 00:00:00.006 . Memory (MB): peak = 1657.117 ; gain = 0.000
Write Physdb Complete: Time (s): cpu = 00:00:00 ; elapsed = 00:00:00.059 . Memory (MB): peak = 1657.117 ; gain = 0.000
INFO: [Common 17-1381] The checkpoint 'D:/Vivado/Register_Files/Register_Files.runs/impl_1/register_file_placed.dcp' has been generated.
Command: phys_opt_design
Attempting to get a license for feature 'Implementation' and/or device 'xc7a35t'
INFO: [Common 17-349] Got license for feature 'Implementation' and/or device 'xc7a35t'

Starting Initial Update Timing Task
INFO: [Timing 38-35] Done setting XDC timing constraints.

Time (s): cpu = 00:00:00 ; elapsed = 00:00:00.076 . Memory (MB): peak = 1657.117 ; gain = 0.000
INFO: [Vivado_Tcl 4-2279] Estimated Timing Summary | WNS= 9.039 | TNS= 0.000 | 
INFO: [Vivado_Tcl 4-383] Design worst setup slack (WNS) is greater than or equal to 0.000 ns. All physical synthesis setup optimizations will be skipped.
INFO: [Vivado_Tcl 4-232] No setup violation found. The netlist was not modified.
INFO: [Common 17-83] Releasing license: Implementation
58 Infos, 2 Warnings, 0 Critical Warnings and 0 Errors encountered.
phys_opt_design completed successfully
INFO: [Timing 38-480] Writing timing data to binary archive.
Write ShapeDB Complete: Time (s): cpu = 00:00:00 ; elapsed = 00:00:00.003 . Memory (MB): peak = 1669.516 ; gain = 0.039
Wrote PlaceDB: Time (s): cpu = 00:00:00 ; elapsed = 00:00:00.014 . Memory (MB): peak = 1669.516 ; gain = 0.000
Wrote PulsedLatchDB: Time (s): cpu = 00:00:00 ; elapsed = 00:00:00 . Memory (MB): peak = 1669.516 ; gain = 0.000
Writing XDEF routing.
Writing XDEF routing logical nets.
Writing XDEF routing special nets.
Wrote RouteStorage: Time (s): cpu = 00:00:00 ; elapsed = 00:00:00.029 . Memory (MB): peak = 1669.516 ; gain = 0.000
Wrote Netlist Cache: Time (s): cpu = 00:00:00 ; elapsed = 00:00:00.001 . Memory (MB): peak = 1669.516 ; gain = 0.000
Wrote Device Cache: Time (s): cpu = 00:00:00 ; elapsed = 00:00:00.007 . Memory (MB): peak = 1669.516 ; gain = 0.000
Write Physdb Complete: Time (s): cpu = 00:00:00 ; elapsed = 00:00:00.063 . Memory (MB): peak = 1669.516 ; gain = 0.000
INFO: [Common 17-1381] The checkpoint 'D:/Vivado/Register_Files/Register_Files.runs/impl_1/register_file_physopt.dcp' has been generated.
Command: route_design
Attempting to get a license for feature 'Implementation' and/or device 'xc7a35t'
INFO: [Common 17-349] Got license for feature 'Implementation' and/or device 'xc7a35t'


Starting Routing Task
INFO: [Route 35-254] Multithreading enabled for route_design using a maximum of 2 CPUs

Phase 1 Build RT Design
Checksum: PlaceDB: 7f5ee1a2 ConstDB: 0 ShapeSum: b2d2f3c2 RouteDB: a0815c57
Post Restoration Checksum: NetGraph: de5f87d6 | NumContArr: 7d2b94ca | Constraints: c2a8fa9d | Timing: c2a8fa9d
Phase 1 Build RT Design | Checksum: 2e0dd11da

Time (s): cpu = 00:00:22 ; elapsed = 00:00:20 . Memory (MB): peak = 1751.691 ; gain = 82.176

Phase 2 Router Initialization

Phase 2.1 Fix Topology Constraints
Phase 2.1 Fix Topology Constraints | Checksum: 2e0dd11da

Time (s): cpu = 00:00:22 ; elapsed = 00:00:20 . Memory (MB): peak = 1751.691 ; gain = 82.176

Phase 2.2 Pre Route Cleanup
Phase 2.2 Pre Route Cleanup | Checksum: 2e0dd11da

Time (s): cpu = 00:00:22 ; elapsed = 00:00:21 . Memory (MB): peak = 1751.691 ; gain = 82.176
 Number of Nodes with overlaps = 0

Phase 2.3 Update Timing
Phase 2.3 Update Timing | Checksum: 241cc9ed4

Time (s): cpu = 00:00:22 ; elapsed = 00:00:21 . Memory (MB): peak = 1781.352 ; gain = 111.836
INFO: [Route 35-416] Intermediate Timing Summary | WNS=8.963  | TNS=0.000  | WHS=-0.010 | THS=-0.104 |


Router Utilization Summary
  Global Vertical Routing Utilization    = 0 %
  Global Horizontal Routing Utilization  = 0 %
  Routable Net Status*
  *Does not include unroutable nets such as driverless and loadless.
  Run report_route_status for detailed report.
  Number of Failed Nets               = 59
    (Failed Nets is the sum of unrouted and partially routed nets)
  Number of Unrouted Nets             = 59
  Number of Partially Routed Nets     = 0
  Number of Node Overlaps             = 0

Phase 2 Router Initialization | Checksum: 241cc9ed4

Time (s): cpu = 00:00:22 ; elapsed = 00:00:21 . Memory (MB): peak = 1781.352 ; gain = 111.836

Phase 3 Global Routing
Phase 3 Global Routing | Checksum: 241cc9ed4

Time (s): cpu = 00:00:22 ; elapsed = 00:00:21 . Memory (MB): peak = 1781.352 ; gain = 111.836

Phase 4 Initial Routing

Phase 4.1 Initial Net Routing Pass
Phase 4.1 Initial Net Routing Pass | Checksum: 1df333fe4

Time (s): cpu = 00:00:22 ; elapsed = 00:00:21 . Memory (MB): peak = 1781.352 ; gain = 111.836
Phase 4 Initial Routing | Checksum: 1df333fe4

Time (s): cpu = 00:00:22 ; elapsed = 00:00:21 . Memory (MB): peak = 1781.352 ; gain = 111.836

Phase 5 Rip-up And Reroute

Phase 5.1 Global Iteration 0
 Number of Nodes with overlaps = 0
INFO: [Route 35-416] Intermediate Timing Summary | WNS=8.963  | TNS=0.000  | WHS=N/A    | THS=N/A    |

Phase 5.1 Global Iteration 0 | Checksum: 29cb27648

Time (s): cpu = 00:00:23 ; elapsed = 00:00:21 . Memory (MB): peak = 1781.352 ; gain = 111.836
Phase 5 Rip-up And Reroute | Checksum: 29cb27648

Time (s): cpu = 00:00:23 ; elapsed = 00:00:21 . Memory (MB): peak = 1781.352 ; gain = 111.836

Phase 6 Delay and Skew Optimization

Phase 6.1 Delay CleanUp
Phase 6.1 Delay CleanUp | Checksum: 29cb27648

Time (s): cpu = 00:00:23 ; elapsed = 00:00:21 . Memory (MB): peak = 1781.352 ; gain = 111.836

Phase 6.2 Clock Skew Optimization
Phase 6.2 Clock Skew Optimization | Checksum: 29cb27648

Time (s): cpu = 00:00:23 ; elapsed = 00:00:21 . Memory (MB): peak = 1781.352 ; gain = 111.836
Phase 6 Delay and Skew Optimization | Checksum: 29cb27648

Time (s): cpu = 00:00:23 ; elapsed = 00:00:21 . Memory (MB): peak = 1781.352 ; gain = 111.836

Phase 7 Post Hold Fix

Phase 7.1 Hold Fix Iter
INFO: [Route 35-416] Intermediate Timing Summary | WNS=9.039  | TNS=0.000  | WHS=0.245  | THS=0.000  |

Phase 7.1 Hold Fix Iter | Checksum: 29cb27648

Time (s): cpu = 00:00:23 ; elapsed = 00:00:21 . Memory (MB): peak = 1781.352 ; gain = 111.836
Phase 7 Post Hold Fix | Checksum: 29cb27648

Time (s): cpu = 00:00:23 ; elapsed = 00:00:21 . Memory (MB): peak = 1781.352 ; gain = 111.836

Phase 8 Route finalize

Router Utilization Summary
  Global Vertical Routing Utilization    = 0.0924021 %
  Global Horizontal Routing Utilization  = 0.0378709 %
  Routable Net Status*
  *Does not include unroutable nets such as driverless and loadless.
  Run report_route_status for detailed report.
  Number of Failed Nets               = 0
    (Failed Nets is the sum of unrouted and partially routed nets)
  Number of Unrouted Nets             = 0
  Number of Partially Routed Nets     = 0
  Number of Node Overlaps             = 0

Phase 8 Route finalize | Checksum: 29cb27648

Time (s): cpu = 00:00:23 ; elapsed = 00:00:21 . Memory (MB): peak = 1781.352 ; gain = 111.836

Phase 9 Verifying routed nets

 Verification completed successfully
Phase 9 Verifying routed nets | Checksum: 29cb27648

Time (s): cpu = 00:00:23 ; elapsed = 00:00:21 . Memory (MB): peak = 1781.352 ; gain = 111.836

Phase 10 Depositing Routes
Phase 10 Depositing Routes | Checksum: 29cb27648

Time (s): cpu = 00:00:23 ; elapsed = 00:00:21 . Memory (MB): peak = 1781.352 ; gain = 111.836

Phase 11 Post Process Routing
Phase 11 Post Process Routing | Checksum: 29cb27648

Time (s): cpu = 00:00:23 ; elapsed = 00:00:21 . Memory (MB): peak = 1781.352 ; gain = 111.836

Phase 12 Post Router Timing
INFO: [Route 35-57] Estimated Timing Summary | WNS=9.039  | TNS=0.000  | WHS=0.245  | THS=0.000  |

INFO: [Route 35-327] The final timing numbers are based on the router estimated timing analysis. For a complete and accurate timing signoff, please run report_timing_summary.
Phase 12 Post Router Timing | Checksum: 29cb27648

Time (s): cpu = 00:00:23 ; elapsed = 00:00:21 . Memory (MB): peak = 1781.352 ; gain = 111.836
Total Elapsed time in route_design: 21.312 secs

Phase 13 Post-Route Event Processing
Phase 13 Post-Route Event Processing | Checksum: 1829d446f

Time (s): cpu = 00:00:23 ; elapsed = 00:00:21 . Memory (MB): peak = 1781.352 ; gain = 111.836
INFO: [Route 35-16] Router Completed Successfully
Ending Routing Task | Checksum: 1829d446f

Time (s): cpu = 00:00:23 ; elapsed = 00:00:21 . Memory (MB): peak = 1781.352 ; gain = 111.836

Routing Is Done.
INFO: [Common 17-83] Releasing license: Implementation
69 Infos, 2 Warnings, 0 Critical Warnings and 0 Errors encountered.
route_design completed successfully
route_design: Time (s): cpu = 00:00:23 ; elapsed = 00:00:21 . Memory (MB): peak = 1781.352 ; gain = 111.836
INFO: [Vivado 12-24828] Executing command : report_drc -file register_file_drc_routed.rpt -pb register_file_drc_routed.pb -rpx register_file_drc_routed.rpx
Command: report_drc -file register_file_drc_routed.rpt -pb register_file_drc_routed.pb -rpx register_file_drc_routed.rpx
INFO: [IP_Flow 19-1839] IP Catalog is up to date.
INFO: [DRC 23-27] Running DRC with 2 threads
INFO: [Vivado_Tcl 2-168] The results of DRC are in file D:/Vivado/Register_Files/Register_Files.runs/impl_1/register_file_drc_routed.rpt.
report_drc completed successfully
INFO: [Vivado 12-24828] Executing command : report_methodology -file register_file_methodology_drc_routed.rpt -pb register_file_methodology_drc_routed.pb -rpx register_file_methodology_drc_routed.rpx
Command: report_methodology -file register_file_methodology_drc_routed.rpt -pb register_file_methodology_drc_routed.pb -rpx register_file_methodology_drc_routed.rpx
INFO: [Timing 38-35] Done setting XDC timing constraints.
INFO: [DRC 23-133] Running Methodology with 2 threads
INFO: [Vivado_Tcl 2-1520] The results of Report Methodology are in file D:/Vivado/Register_Files/Register_Files.runs/impl_1/register_file_methodology_drc_routed.rpt.
report_methodology completed successfully
INFO: [Vivado 12-24828] Executing command : report_timing_summary -max_paths 10 -report_unconstrained -file register_file_timing_summary_routed.rpt -pb register_file_timing_summary_routed.pb -rpx register_file_timing_summary_routed.rpx -warn_on_violation 
INFO: [Timing 38-35] Done setting XDC timing constraints.
INFO: [Timing 38-91] UpdateTimingParams: Speed grade: -3, Delay Type: min_max.
INFO: [Timing 38-191] Multithreading enabled for timing update using a maximum of 2 CPUs
INFO: [Vivado 12-24838] Running report commands "report_incremental_reuse, report_route_status" in parallel.
Running report generation with 2 threads.
INFO: [Vivado 12-24828] Executing command : report_route_status -file register_file_route_status.rpt -pb register_file_route_status.pb
INFO: [Vivado 12-24828] Executing command : report_incremental_reuse -file register_file_incremental_reuse_routed.rpt
INFO: [Vivado_Tcl 4-1062] Incremental flow is disabled. No incremental reuse Info to report.
INFO: [Vivado 12-24828] Executing command : report_power -file register_file_power_routed.rpt -pb register_file_power_summary_routed.pb -rpx register_file_power_routed.rpx
Command: report_power -file register_file_power_routed.rpt -pb register_file_power_summary_routed.pb -rpx register_file_power_routed.rpx
Running Vector-less Activity Propagation...

Finished Running Vector-less Activity Propagation
86 Infos, 2 Warnings, 0 Critical Warnings and 0 Errors encountered.
report_power completed successfully
INFO: [Vivado 12-24828] Executing command : report_clock_utilization -file register_file_clock_utilization_routed.rpt
INFO: [Vivado 12-24828] Executing command : report_bus_skew -warn_on_violation -file register_file_bus_skew_routed.rpt -pb register_file_bus_skew_routed.pb -rpx register_file_bus_skew_routed.rpx
INFO: [Timing 38-91] UpdateTimingParams: Speed grade: -3, Delay Type: min_max.
INFO: [Timing 38-191] Multithreading enabled for timing update using a maximum of 2 CPUs
INFO: [Timing 38-480] Writing timing data to binary archive.
Write ShapeDB Complete: Time (s): cpu = 00:00:00 ; elapsed = 00:00:00.003 . Memory (MB): peak = 1824.656 ; gain = 0.000
Wrote PlaceDB: Time (s): cpu = 00:00:01 ; elapsed = 00:00:00.013 . Memory (MB): peak = 1824.656 ; gain = 0.000
Wrote PulsedLatchDB: Time (s): cpu = 00:00:00 ; elapsed = 00:00:00 . Memory (MB): peak = 1824.656 ; gain = 0.000
Writing XDEF routing.
Writing XDEF routing logical nets.
Writing XDEF routing special nets.
Wrote RouteStorage: Time (s): cpu = 00:00:00 ; elapsed = 00:00:00.027 . Memory (MB): peak = 1824.656 ; gain = 0.000
Wrote Netlist Cache: Time (s): cpu = 00:00:00 ; elapsed = 00:00:00.001 . Memory (MB): peak = 1824.656 ; gain = 0.000
Wrote Device Cache: Time (s): cpu = 00:00:00 ; elapsed = 00:00:00.011 . Memory (MB): peak = 1824.656 ; gain = 0.000
Write Physdb Complete: Time (s): cpu = 00:00:01 ; elapsed = 00:00:00.057 . Memory (MB): peak = 1824.656 ; gain = 0.000
INFO: [Common 17-1381] The checkpoint 'D:/Vivado/Register_Files/Register_Files.runs/impl_1/register_file_routed.dcp' has been generated.
INFO: [Common 17-206] Exiting Vivado at Fri Sep 12 16:23:33 2025...
