Copyright 1986-2022 Xilinx, Inc. All Rights Reserved. Copyright 2022-2024 Advanced Micro Devices, Inc. All Rights Reserved.
---------------------------------------------------------------------------------------------------------------------------------------------------------------------------------------------------------------------------------
| Tool Version : Vivado v.2024.2 (win64) Build 5239630 Fri Nov 08 22:35:27 MST 2024
| Date         : Wed Jul 23 17:19:23 2025
| Host         : Jagga running 64-bit major release  (build 9200)
| Command      : report_timing_summary -max_paths 10 -report_unconstrained -file SR_flip_flop_timing_summary_routed.rpt -pb SR_flip_flop_timing_summary_routed.pb -rpx SR_flip_flop_timing_summary_routed.rpx -warn_on_violation
| Design       : SR_flip_flop
| Device       : xa7a15t-csg325
| Speed File   : -1I  PRODUCTION 1.16 2018-06-13
| Design State : Routed
---------------------------------------------------------------------------------------------------------------------------------------------------------------------------------------------------------------------------------

Timing Summary Report

------------------------------------------------------------------------------------------------
| Timer Settings
| --------------
------------------------------------------------------------------------------------------------

  Enable Multi Corner Analysis               :  Yes
  Enable Pessimism Removal                   :  Yes
  Pessimism Removal Resolution               :  Nearest Common Node
  Enable Input Delay Default Clock           :  No
  Enable Preset / Clear Arcs                 :  No
  Disable Flight Delays                      :  No
  Ignore I/O Paths                           :  No
  Timing Early Launch at Borrowing Latches   :  No
  Borrow Time for Max Delay Exceptions       :  Yes
  Merge Timing Exceptions                    :  Yes
  Inter-SLR Compensation                     :  Conservative

  Corner  Analyze    Analyze    
  Name    Max Paths  Min Paths  
  ------  ---------  ---------  
  Slow    Yes        Yes        
  Fast    Yes        Yes        


------------------------------------------------------------------------------------------------
| Report Methodology
| ------------------
------------------------------------------------------------------------------------------------

Rule       Severity          Description                  Violations  
---------  ----------------  ---------------------------  ----------  
TIMING-17  Critical Warning  Non-clocked sequential cell  1           

Note: This report is based on the most recent report_methodology run and may not be up-to-date. Run report_methodology on the current design for the latest report.



check_timing report

Table of Contents
-----------------
1. checking no_clock (1)
2. checking constant_clock (0)
3. checking pulse_width_clock (0)
4. checking unconstrained_internal_endpoints (2)
5. checking no_input_delay (2)
6. checking no_output_delay (2)
7. checking multiple_clock (0)
8. checking generated_clocks (0)
9. checking loops (0)
10. checking partial_input_delay (0)
11. checking partial_output_delay (0)
12. checking latch_loops (0)

1. checking no_clock (1)
------------------------
 There is 1 register/latch pin with no clock driven by root clock pin: clk (HIGH)


2. checking constant_clock (0)
------------------------------
 There are 0 register/latch pins with constant_clock.


3. checking pulse_width_clock (0)
---------------------------------
 There are 0 register/latch pins which need pulse_width check


4. checking unconstrained_internal_endpoints (2)
------------------------------------------------
 There are 2 pins that are not constrained for maximum delay. (HIGH)

 There are 0 pins that are not constrained for maximum delay due to constant clock.


5. checking no_input_delay (2)
------------------------------
 There are 2 input ports with no input delay specified. (HIGH)

 There are 0 input ports with no input delay but user has a false path constraint.


6. checking no_output_delay (2)
-------------------------------
 There are 2 ports with no output delay specified. (HIGH)

 There are 0 ports with no output delay but user has a false path constraint

 There are 0 ports with no output delay but with a timing clock defined on it or propagating through it


7. checking multiple_clock (0)
------------------------------
 There are 0 register/latch pins with multiple clocks.


8. checking generated_clocks (0)
--------------------------------
 There are 0 generated clocks that are not connected to a clock source.


9. checking loops (0)
---------------------
 There are 0 combinational loops in the design.


10. checking partial_input_delay (0)
------------------------------------
 There are 0 input ports with partial input delay specified.


11. checking partial_output_delay (0)
-------------------------------------
 There are 0 ports with partial output delay specified.


12. checking latch_loops (0)
----------------------------
 There are 0 combinational latch loops in the design through latch input



------------------------------------------------------------------------------------------------
| Design Timing Summary
| ---------------------
------------------------------------------------------------------------------------------------

    WNS(ns)      TNS(ns)  TNS Failing Endpoints  TNS Total Endpoints      WHS(ns)      THS(ns)  THS Failing Endpoints  THS Total Endpoints     WPWS(ns)     TPWS(ns)  TPWS Failing Endpoints  TPWS Total Endpoints  
    -------      -------  ---------------------  -------------------      -------      -------  ---------------------  -------------------     --------     --------  ----------------------  --------------------  
        inf        0.000                      0                    4          inf        0.000                      0                    4           NA           NA                      NA                    NA  


There are no user specified timing constraints.


------------------------------------------------------------------------------------------------
| Clock Summary
| -------------
------------------------------------------------------------------------------------------------


------------------------------------------------------------------------------------------------
| Intra Clock Table
| -----------------
------------------------------------------------------------------------------------------------

Clock             WNS(ns)      TNS(ns)  TNS Failing Endpoints  TNS Total Endpoints      WHS(ns)      THS(ns)  THS Failing Endpoints  THS Total Endpoints     WPWS(ns)     TPWS(ns)  TPWS Failing Endpoints  TPWS Total Endpoints  
-----             -------      -------  ---------------------  -------------------      -------      -------  ---------------------  -------------------     --------     --------  ----------------------  --------------------  


------------------------------------------------------------------------------------------------
| Inter Clock Table
| -----------------
------------------------------------------------------------------------------------------------

From Clock    To Clock          WNS(ns)      TNS(ns)  TNS Failing Endpoints  TNS Total Endpoints      WHS(ns)      THS(ns)  THS Failing Endpoints  THS Total Endpoints  
----------    --------          -------      -------  ---------------------  -------------------      -------      -------  ---------------------  -------------------  


------------------------------------------------------------------------------------------------
| Other Path Groups Table
| -----------------------
------------------------------------------------------------------------------------------------

Path Group    From Clock    To Clock          WNS(ns)      TNS(ns)  TNS Failing Endpoints  TNS Total Endpoints      WHS(ns)      THS(ns)  THS Failing Endpoints  THS Total Endpoints  
----------    ----------    --------          -------      -------  ---------------------  -------------------      -------      -------  ---------------------  -------------------  


------------------------------------------------------------------------------------------------
| User Ignored Path Table
| -----------------------
------------------------------------------------------------------------------------------------

Path Group    From Clock    To Clock    
----------    ----------    --------    


------------------------------------------------------------------------------------------------
| Unconstrained Path Table
| ------------------------
------------------------------------------------------------------------------------------------

Path Group    From Clock    To Clock    
----------    ----------    --------    
(none)                                    


------------------------------------------------------------------------------------------------
| Timing Details
| --------------
------------------------------------------------------------------------------------------------


--------------------------------------------------------------------------------------
Path Group:  (none)
From Clock:  
  To Clock:  

Max Delay             4 Endpoints
Min Delay             4 Endpoints
--------------------------------------------------------------------------------------


Max Delay Paths
--------------------------------------------------------------------------------------
Slack:                    inf
  Source:                 Q_reg/C
                            (rising edge-triggered cell FDRE)
  Destination:            Qn
                            (output port)
  Path Group:             (none)
  Path Type:              Max at Slow Process Corner
  Data Path Delay:        5.420ns  (logic 3.231ns (59.607%)  route 2.189ns (40.393%))
  Logic Levels:           3  (FDRE=1 LUT1=1 OBUF=1)

    Location             Delay type                Incr(ns)  Path(ns)    Netlist Resource(s)
  -------------------------------------------------------------------    -------------------
    SLICE_X0Y2           FDRE                         0.000     0.000 r  Q_reg/C
    SLICE_X0Y2           FDRE (Prop_fdre_C_Q)         0.456     0.456 f  Q_reg/Q
                         net (fo=2, routed)           0.661     1.117    Q_OBUF
    SLICE_X0Y1           LUT1 (Prop_lut1_I0_O)        0.124     1.241 r  Qn_OBUF_inst_i_1/O
                         net (fo=1, routed)           1.529     2.769    Qn_OBUF
    V9                   OBUF (Prop_obuf_I_O)         2.651     5.420 r  Qn_OBUF_inst/O
                         net (fo=0)                   0.000     5.420    Qn
    V9                                                                r  Qn (OUT)
  -------------------------------------------------------------------    -------------------

Slack:                    inf
  Source:                 Q_reg/C
                            (rising edge-triggered cell FDRE)
  Destination:            Q
                            (output port)
  Path Group:             (none)
  Path Type:              Max at Slow Process Corner
  Data Path Delay:        4.905ns  (logic 3.081ns (62.815%)  route 1.824ns (37.185%))
  Logic Levels:           2  (FDRE=1 OBUF=1)

    Location             Delay type                Incr(ns)  Path(ns)    Netlist Resource(s)
  -------------------------------------------------------------------    -------------------
    SLICE_X0Y2           FDRE                         0.000     0.000 r  Q_reg/C
    SLICE_X0Y2           FDRE (Prop_fdre_C_Q)         0.456     0.456 r  Q_reg/Q
                         net (fo=2, routed)           1.824     2.280    Q_OBUF
    U10                  OBUF (Prop_obuf_I_O)         2.625     4.905 r  Q_OBUF_inst/O
                         net (fo=0)                   0.000     4.905    Q
    U10                                                               r  Q (OUT)
  -------------------------------------------------------------------    -------------------

Slack:                    inf
  Source:                 R
                            (input port)
  Destination:            Q_reg/CE
  Path Group:             (none)
  Path Type:              Max at Slow Process Corner
  Data Path Delay:        2.580ns  (logic 1.108ns (42.944%)  route 1.472ns (57.056%))
  Logic Levels:           2  (IBUF=1 LUT2=1)

    Location             Delay type                Incr(ns)  Path(ns)    Netlist Resource(s)
  -------------------------------------------------------------------    -------------------
    U9                                                0.000     0.000 r  R (IN)
                         net (fo=0)                   0.000     0.000    R
    U9                   IBUF (Prop_ibuf_I_O)         0.984     0.984 r  R_IBUF_inst/O
                         net (fo=1, routed)           1.070     2.054    R_IBUF
    SLICE_X0Y2           LUT2 (Prop_lut2_I1_O)        0.124     2.178 r  Q_i_1/O
                         net (fo=1, routed)           0.402     2.580    Q_i_1_n_0
    SLICE_X0Y2           FDRE                                         r  Q_reg/CE
  -------------------------------------------------------------------    -------------------

Slack:                    inf
  Source:                 S
                            (input port)
  Destination:            Q_reg/D
  Path Group:             (none)
  Path Type:              Max at Slow Process Corner
  Data Path Delay:        2.051ns  (logic 0.957ns (46.659%)  route 1.094ns (53.341%))
  Logic Levels:           1  (IBUF=1)

    Location             Delay type                Incr(ns)  Path(ns)    Netlist Resource(s)
  -------------------------------------------------------------------    -------------------
    V11                                               0.000     0.000 r  S (IN)
                         net (fo=0)                   0.000     0.000    S
    V11                  IBUF (Prop_ibuf_I_O)         0.957     0.957 r  S_IBUF_inst/O
                         net (fo=2, routed)           1.094     2.051    S_IBUF
    SLICE_X0Y2           FDRE                                         r  Q_reg/D
  -------------------------------------------------------------------    -------------------





Min Delay Paths
--------------------------------------------------------------------------------------
Slack:                    inf
  Source:                 S
                            (input port)
  Destination:            Q_reg/D
  Path Group:             (none)
  Path Type:              Min at Fast Process Corner
  Data Path Delay:        0.603ns  (logic 0.186ns (30.770%)  route 0.418ns (69.230%))
  Logic Levels:           1  (IBUF=1)

    Location             Delay type                Incr(ns)  Path(ns)    Netlist Resource(s)
  -------------------------------------------------------------------    -------------------
    V11                                               0.000     0.000 r  S (IN)
                         net (fo=0)                   0.000     0.000    S
    V11                  IBUF (Prop_ibuf_I_O)         0.186     0.186 r  S_IBUF_inst/O
                         net (fo=2, routed)           0.418     0.603    S_IBUF
    SLICE_X0Y2           FDRE                                         r  Q_reg/D
  -------------------------------------------------------------------    -------------------

Slack:                    inf
  Source:                 S
                            (input port)
  Destination:            Q_reg/CE
  Path Group:             (none)
  Path Type:              Min at Fast Process Corner
  Data Path Delay:        0.715ns  (logic 0.231ns (32.270%)  route 0.484ns (67.730%))
  Logic Levels:           2  (IBUF=1 LUT2=1)

    Location             Delay type                Incr(ns)  Path(ns)    Netlist Resource(s)
  -------------------------------------------------------------------    -------------------
    V11                                               0.000     0.000 r  S (IN)
                         net (fo=0)                   0.000     0.000    S
    V11                  IBUF (Prop_ibuf_I_O)         0.186     0.186 r  S_IBUF_inst/O
                         net (fo=2, routed)           0.354     0.540    S_IBUF
    SLICE_X0Y2           LUT2 (Prop_lut2_I0_O)        0.045     0.585 r  Q_i_1/O
                         net (fo=1, routed)           0.130     0.715    Q_i_1_n_0
    SLICE_X0Y2           FDRE                                         r  Q_reg/CE
  -------------------------------------------------------------------    -------------------

Slack:                    inf
  Source:                 Q_reg/C
                            (rising edge-triggered cell FDRE)
  Destination:            Q
                            (output port)
  Path Group:             (none)
  Path Type:              Min at Fast Process Corner
  Data Path Delay:        1.686ns  (logic 1.283ns (76.101%)  route 0.403ns (23.899%))
  Logic Levels:           2  (FDRE=1 OBUF=1)

    Location             Delay type                Incr(ns)  Path(ns)    Netlist Resource(s)
  -------------------------------------------------------------------    -------------------
    SLICE_X0Y2           FDRE                         0.000     0.000 r  Q_reg/C
    SLICE_X0Y2           FDRE (Prop_fdre_C_Q)         0.141     0.141 r  Q_reg/Q
                         net (fo=2, routed)           0.403     0.544    Q_OBUF
    U10                  OBUF (Prop_obuf_I_O)         1.142     1.686 r  Q_OBUF_inst/O
                         net (fo=0)                   0.000     1.686    Q
    U10                                                               r  Q (OUT)
  -------------------------------------------------------------------    -------------------

Slack:                    inf
  Source:                 Q_reg/C
                            (rising edge-triggered cell FDRE)
  Destination:            Qn
                            (output port)
  Path Group:             (none)
  Path Type:              Min at Fast Process Corner
  Data Path Delay:        1.871ns  (logic 1.353ns (72.308%)  route 0.518ns (27.692%))
  Logic Levels:           3  (FDRE=1 LUT1=1 OBUF=1)

    Location             Delay type                Incr(ns)  Path(ns)    Netlist Resource(s)
  -------------------------------------------------------------------    -------------------
    SLICE_X0Y2           FDRE                         0.000     0.000 r  Q_reg/C
    SLICE_X0Y2           FDRE (Prop_fdre_C_Q)         0.141     0.141 f  Q_reg/Q
                         net (fo=2, routed)           0.237     0.378    Q_OBUF
    SLICE_X0Y1           LUT1 (Prop_lut1_I0_O)        0.045     0.423 r  Qn_OBUF_inst_i_1/O
                         net (fo=1, routed)           0.282     0.704    Qn_OBUF
    V9                   OBUF (Prop_obuf_I_O)         1.167     1.871 r  Qn_OBUF_inst/O
                         net (fo=0)                   0.000     1.871    Qn
    V9                                                                r  Qn (OUT)
  -------------------------------------------------------------------    -------------------





