Copyright 1986-2022 Xilinx, Inc. All Rights Reserved. Copyright 2022-2024 Advanced Micro Devices, Inc. All Rights Reserved.
------------------------------------------------------------------------------------------------------------------------------------------------------------------------------------------------------------------------------------------------
| Tool Version : Vivado v.2024.2 (win64) Build 5239630 Fri Nov 08 22:35:27 MST 2024
| Date         : Mon Aug 18 17:34:10 2025
| Host         : Jagga running 64-bit major release  (build 9200)
| Command      : report_timing_summary -max_paths 10 -report_unconstrained -file sequence_detector_timing_summary_routed.rpt -pb sequence_detector_timing_summary_routed.pb -rpx sequence_detector_timing_summary_routed.rpx -warn_on_violation
| Design       : sequence_detector
| Device       : 7a15t-fgg484
| Speed File   : -2L  PRODUCTION 1.23 2018-06-13
| Design State : Routed
------------------------------------------------------------------------------------------------------------------------------------------------------------------------------------------------------------------------------------------------

Timing Summary Report

------------------------------------------------------------------------------------------------
| Timer Settings
| --------------
------------------------------------------------------------------------------------------------

  Enable Multi Corner Analysis               :  Yes
  Enable Pessimism Removal                   :  Yes
  Pessimism Removal Resolution               :  Nearest Common Node
  Enable Input Delay Default Clock           :  No
  Enable Preset / Clear Arcs                 :  No
  Disable Flight Delays                      :  No
  Ignore I/O Paths                           :  No
  Timing Early Launch at Borrowing Latches   :  No
  Borrow Time for Max Delay Exceptions       :  Yes
  Merge Timing Exceptions                    :  Yes
  Inter-SLR Compensation                     :  Conservative

  Corner  Analyze    Analyze    
  Name    Max Paths  Min Paths  
  ------  ---------  ---------  
  Slow    Yes        Yes        
  Fast    Yes        Yes        


------------------------------------------------------------------------------------------------
| Report Methodology
| ------------------
------------------------------------------------------------------------------------------------

Rule       Severity          Description                  Violations  
---------  ----------------  ---------------------------  ----------  
TIMING-17  Critical Warning  Non-clocked sequential cell  6           

Note: This report is based on the most recent report_methodology run and may not be up-to-date. Run report_methodology on the current design for the latest report.



check_timing report

Table of Contents
-----------------
1. checking no_clock (6)
2. checking constant_clock (0)
3. checking pulse_width_clock (0)
4. checking unconstrained_internal_endpoints (12)
5. checking no_input_delay (2)
6. checking no_output_delay (1)
7. checking multiple_clock (0)
8. checking generated_clocks (0)
9. checking loops (0)
10. checking partial_input_delay (0)
11. checking partial_output_delay (0)
12. checking latch_loops (0)

1. checking no_clock (6)
------------------------
 There are 6 register/latch pins with no clock driven by root clock pin: clk (HIGH)


2. checking constant_clock (0)
------------------------------
 There are 0 register/latch pins with constant_clock.


3. checking pulse_width_clock (0)
---------------------------------
 There are 0 register/latch pins which need pulse_width check


4. checking unconstrained_internal_endpoints (12)
-------------------------------------------------
 There are 12 pins that are not constrained for maximum delay. (HIGH)

 There are 0 pins that are not constrained for maximum delay due to constant clock.


5. checking no_input_delay (2)
------------------------------
 There are 2 input ports with no input delay specified. (HIGH)

 There are 0 input ports with no input delay but user has a false path constraint.


6. checking no_output_delay (1)
-------------------------------
 There is 1 port with no output delay specified. (HIGH)

 There are 0 ports with no output delay but user has a false path constraint

 There are 0 ports with no output delay but with a timing clock defined on it or propagating through it


7. checking multiple_clock (0)
------------------------------
 There are 0 register/latch pins with multiple clocks.


8. checking generated_clocks (0)
--------------------------------
 There are 0 generated clocks that are not connected to a clock source.


9. checking loops (0)
---------------------
 There are 0 combinational loops in the design.


10. checking partial_input_delay (0)
------------------------------------
 There are 0 input ports with partial input delay specified.


11. checking partial_output_delay (0)
-------------------------------------
 There are 0 ports with partial output delay specified.


12. checking latch_loops (0)
----------------------------
 There are 0 combinational latch loops in the design through latch input



------------------------------------------------------------------------------------------------
| Design Timing Summary
| ---------------------
------------------------------------------------------------------------------------------------

    WNS(ns)      TNS(ns)  TNS Failing Endpoints  TNS Total Endpoints      WHS(ns)      THS(ns)  THS Failing Endpoints  THS Total Endpoints     WPWS(ns)     TPWS(ns)  TPWS Failing Endpoints  TPWS Total Endpoints  
    -------      -------  ---------------------  -------------------      -------      -------  ---------------------  -------------------     --------     --------  ----------------------  --------------------  
        inf        0.000                      0                   13          inf        0.000                      0                   13           NA           NA                      NA                    NA  


There are no user specified timing constraints.


------------------------------------------------------------------------------------------------
| Clock Summary
| -------------
------------------------------------------------------------------------------------------------


------------------------------------------------------------------------------------------------
| Intra Clock Table
| -----------------
------------------------------------------------------------------------------------------------

Clock             WNS(ns)      TNS(ns)  TNS Failing Endpoints  TNS Total Endpoints      WHS(ns)      THS(ns)  THS Failing Endpoints  THS Total Endpoints     WPWS(ns)     TPWS(ns)  TPWS Failing Endpoints  TPWS Total Endpoints  
-----             -------      -------  ---------------------  -------------------      -------      -------  ---------------------  -------------------     --------     --------  ----------------------  --------------------  


------------------------------------------------------------------------------------------------
| Inter Clock Table
| -----------------
------------------------------------------------------------------------------------------------

From Clock    To Clock          WNS(ns)      TNS(ns)  TNS Failing Endpoints  TNS Total Endpoints      WHS(ns)      THS(ns)  THS Failing Endpoints  THS Total Endpoints  
----------    --------          -------      -------  ---------------------  -------------------      -------      -------  ---------------------  -------------------  


------------------------------------------------------------------------------------------------
| Other Path Groups Table
| -----------------------
------------------------------------------------------------------------------------------------

Path Group    From Clock    To Clock          WNS(ns)      TNS(ns)  TNS Failing Endpoints  TNS Total Endpoints      WHS(ns)      THS(ns)  THS Failing Endpoints  THS Total Endpoints  
----------    ----------    --------          -------      -------  ---------------------  -------------------      -------      -------  ---------------------  -------------------  


------------------------------------------------------------------------------------------------
| User Ignored Path Table
| -----------------------
------------------------------------------------------------------------------------------------

Path Group    From Clock    To Clock    
----------    ----------    --------    


------------------------------------------------------------------------------------------------
| Unconstrained Path Table
| ------------------------
------------------------------------------------------------------------------------------------

Path Group    From Clock    To Clock    
----------    ----------    --------    
(none)                                    


------------------------------------------------------------------------------------------------
| Timing Details
| --------------
------------------------------------------------------------------------------------------------


--------------------------------------------------------------------------------------
Path Group:  (none)
From Clock:  
  To Clock:  

Max Delay            13 Endpoints
Min Delay            13 Endpoints
--------------------------------------------------------------------------------------


Max Delay Paths
--------------------------------------------------------------------------------------
Slack:                    inf
  Source:                 FSM_onehot_state_reg[4]_lopt_replica/C
                            (rising edge-triggered cell FDCE)
  Destination:            detected
                            (output port)
  Path Group:             (none)
  Path Type:              Max at Slow Process Corner
  Data Path Delay:        4.125ns  (logic 2.728ns (66.129%)  route 1.397ns (33.871%))
  Logic Levels:           2  (FDCE=1 OBUF=1)

    Location             Delay type                Incr(ns)  Path(ns)    Netlist Resource(s)
  -------------------------------------------------------------------    -------------------
    SLICE_X0Y1           FDCE                         0.000     0.000 r  FSM_onehot_state_reg[4]_lopt_replica/C
    SLICE_X0Y1           FDCE (Prop_fdce_C_Q)         0.379     0.379 r  FSM_onehot_state_reg[4]_lopt_replica/Q
                         net (fo=1, routed)           1.397     1.776    FSM_onehot_state_reg[4]_lopt_replica_1
    N15                  OBUF (Prop_obuf_I_O)         2.349     4.125 r  detected_OBUF_inst/O
                         net (fo=0)                   0.000     4.125    detected
    N15                                                               r  detected (OUT)
  -------------------------------------------------------------------    -------------------

Slack:                    inf
  Source:                 serial_in
                            (input port)
  Destination:            FSM_onehot_state_reg[2]/D
  Path Group:             (none)
  Path Type:              Max at Slow Process Corner
  Data Path Delay:        2.387ns  (logic 1.019ns (42.702%)  route 1.368ns (57.298%))
  Logic Levels:           2  (IBUF=1 LUT4=1)

    Location             Delay type                Incr(ns)  Path(ns)    Netlist Resource(s)
  -------------------------------------------------------------------    -------------------
    P16                                               0.000     0.000 f  serial_in (IN)
                         net (fo=0)                   0.000     0.000    serial_in
    P16                  IBUF (Prop_ibuf_I_O)         0.904     0.904 f  serial_in_IBUF_inst/O
                         net (fo=5, routed)           1.368     2.272    serial_in_IBUF
    SLICE_X0Y1           LUT4 (Prop_lut4_I2_O)        0.115     2.387 r  FSM_onehot_state[2]_i_1/O
                         net (fo=1, routed)           0.000     2.387    FSM_onehot_state[2]_i_1_n_0
    SLICE_X0Y1           FDCE                                         r  FSM_onehot_state_reg[2]/D
  -------------------------------------------------------------------    -------------------

Slack:                    inf
  Source:                 serial_in
                            (input port)
  Destination:            FSM_onehot_state_reg[1]/D
  Path Group:             (none)
  Path Type:              Max at Slow Process Corner
  Data Path Delay:        2.377ns  (logic 1.009ns (42.461%)  route 1.368ns (57.539%))
  Logic Levels:           2  (IBUF=1 LUT4=1)

    Location             Delay type                Incr(ns)  Path(ns)    Netlist Resource(s)
  -------------------------------------------------------------------    -------------------
    P16                                               0.000     0.000 r  serial_in (IN)
                         net (fo=0)                   0.000     0.000    serial_in
    P16                  IBUF (Prop_ibuf_I_O)         0.904     0.904 r  serial_in_IBUF_inst/O
                         net (fo=5, routed)           1.368     2.272    serial_in_IBUF
    SLICE_X0Y1           LUT4 (Prop_lut4_I2_O)        0.105     2.377 r  FSM_onehot_state[1]_i_1/O
                         net (fo=1, routed)           0.000     2.377    FSM_onehot_state[1]_i_1_n_0
    SLICE_X0Y1           FDCE                                         r  FSM_onehot_state_reg[1]/D
  -------------------------------------------------------------------    -------------------

Slack:                    inf
  Source:                 serial_in
                            (input port)
  Destination:            FSM_onehot_state_reg[3]/D
  Path Group:             (none)
  Path Type:              Max at Slow Process Corner
  Data Path Delay:        2.356ns  (logic 1.030ns (43.734%)  route 1.326ns (56.266%))
  Logic Levels:           2  (IBUF=1 LUT2=1)

    Location             Delay type                Incr(ns)  Path(ns)    Netlist Resource(s)
  -------------------------------------------------------------------    -------------------
    P16                                               0.000     0.000 r  serial_in (IN)
                         net (fo=0)                   0.000     0.000    serial_in
    P16                  IBUF (Prop_ibuf_I_O)         0.904     0.904 r  serial_in_IBUF_inst/O
                         net (fo=5, routed)           0.947     1.851    serial_in_IBUF
    SLICE_X0Y1           LUT2 (Prop_lut2_I1_O)        0.126     1.977 r  FSM_onehot_state[3]_i_1/O
                         net (fo=1, routed)           0.379     2.356    FSM_onehot_state[3]_i_1_n_0
    SLICE_X1Y1           FDCE                                         r  FSM_onehot_state_reg[3]/D
  -------------------------------------------------------------------    -------------------

Slack:                    inf
  Source:                 serial_in
                            (input port)
  Destination:            FSM_onehot_state_reg[4]/D
  Path Group:             (none)
  Path Type:              Max at Slow Process Corner
  Data Path Delay:        2.100ns  (logic 1.009ns (48.071%)  route 1.090ns (51.929%))
  Logic Levels:           2  (IBUF=1 LUT2=1)

    Location             Delay type                Incr(ns)  Path(ns)    Netlist Resource(s)
  -------------------------------------------------------------------    -------------------
    P16                                               0.000     0.000 r  serial_in (IN)
                         net (fo=0)                   0.000     0.000    serial_in
    P16                  IBUF (Prop_ibuf_I_O)         0.904     0.904 r  serial_in_IBUF_inst/O
                         net (fo=5, routed)           0.947     1.851    serial_in_IBUF
    SLICE_X0Y1           LUT2 (Prop_lut2_I1_O)        0.105     1.956 r  FSM_onehot_state[4]_i_1/O
                         net (fo=2, routed)           0.143     2.100    FSM_onehot_state[4]_i_1_n_0
    SLICE_X1Y1           FDCE                                         r  FSM_onehot_state_reg[4]/D
  -------------------------------------------------------------------    -------------------

Slack:                    inf
  Source:                 serial_in
                            (input port)
  Destination:            FSM_onehot_state_reg[4]_lopt_replica/D
  Path Group:             (none)
  Path Type:              Max at Slow Process Corner
  Data Path Delay:        1.956ns  (logic 1.009ns (51.597%)  route 0.947ns (48.403%))
  Logic Levels:           2  (IBUF=1 LUT2=1)

    Location             Delay type                Incr(ns)  Path(ns)    Netlist Resource(s)
  -------------------------------------------------------------------    -------------------
    P16                                               0.000     0.000 r  serial_in (IN)
                         net (fo=0)                   0.000     0.000    serial_in
    P16                  IBUF (Prop_ibuf_I_O)         0.904     0.904 r  serial_in_IBUF_inst/O
                         net (fo=5, routed)           0.947     1.851    serial_in_IBUF
    SLICE_X0Y1           LUT2 (Prop_lut2_I1_O)        0.105     1.956 r  FSM_onehot_state[4]_i_1/O
                         net (fo=2, routed)           0.000     1.956    FSM_onehot_state[4]_i_1_n_0
    SLICE_X0Y1           FDCE                                         r  FSM_onehot_state_reg[4]_lopt_replica/D
  -------------------------------------------------------------------    -------------------

Slack:                    inf
  Source:                 serial_in
                            (input port)
  Destination:            FSM_onehot_state_reg[0]/D
  Path Group:             (none)
  Path Type:              Max at Slow Process Corner
  Data Path Delay:        1.730ns  (logic 1.009ns (58.348%)  route 0.721ns (41.652%))
  Logic Levels:           2  (IBUF=1 LUT3=1)

    Location             Delay type                Incr(ns)  Path(ns)    Netlist Resource(s)
  -------------------------------------------------------------------    -------------------
    P16                                               0.000     0.000 f  serial_in (IN)
                         net (fo=0)                   0.000     0.000    serial_in
    P16                  IBUF (Prop_ibuf_I_O)         0.904     0.904 f  serial_in_IBUF_inst/O
                         net (fo=5, routed)           0.721     1.625    serial_in_IBUF
    SLICE_X0Y1           LUT3 (Prop_lut3_I1_O)        0.105     1.730 r  FSM_onehot_state[0]_i_1/O
                         net (fo=1, routed)           0.000     1.730    FSM_onehot_state[0]_i_1_n_0
    SLICE_X0Y1           FDPE                                         r  FSM_onehot_state_reg[0]/D
  -------------------------------------------------------------------    -------------------

Slack:                    inf
  Source:                 reset
                            (input port)
  Destination:            FSM_onehot_state_reg[0]/PRE
  Path Group:             (none)
  Path Type:              Max at Slow Process Corner
  Data Path Delay:        1.643ns  (logic 0.902ns (54.880%)  route 0.741ns (45.120%))
  Logic Levels:           1  (IBUF=1)

    Location             Delay type                Incr(ns)  Path(ns)    Netlist Resource(s)
  -------------------------------------------------------------------    -------------------
    R17                                               0.000     0.000 f  reset (IN)
                         net (fo=0)                   0.000     0.000    reset
    R17                  IBUF (Prop_ibuf_I_O)         0.902     0.902 f  reset_IBUF_inst/O
                         net (fo=6, routed)           0.741     1.643    reset_IBUF
    SLICE_X0Y1           FDPE                                         f  FSM_onehot_state_reg[0]/PRE
  -------------------------------------------------------------------    -------------------

Slack:                    inf
  Source:                 reset
                            (input port)
  Destination:            FSM_onehot_state_reg[1]/CLR
  Path Group:             (none)
  Path Type:              Max at Slow Process Corner
  Data Path Delay:        1.643ns  (logic 0.902ns (54.880%)  route 0.741ns (45.120%))
  Logic Levels:           1  (IBUF=1)

    Location             Delay type                Incr(ns)  Path(ns)    Netlist Resource(s)
  -------------------------------------------------------------------    -------------------
    R17                                               0.000     0.000 f  reset (IN)
                         net (fo=0)                   0.000     0.000    reset
    R17                  IBUF (Prop_ibuf_I_O)         0.902     0.902 f  reset_IBUF_inst/O
                         net (fo=6, routed)           0.741     1.643    reset_IBUF
    SLICE_X0Y1           FDCE                                         f  FSM_onehot_state_reg[1]/CLR
  -------------------------------------------------------------------    -------------------

Slack:                    inf
  Source:                 reset
                            (input port)
  Destination:            FSM_onehot_state_reg[2]/CLR
  Path Group:             (none)
  Path Type:              Max at Slow Process Corner
  Data Path Delay:        1.643ns  (logic 0.902ns (54.880%)  route 0.741ns (45.120%))
  Logic Levels:           1  (IBUF=1)

    Location             Delay type                Incr(ns)  Path(ns)    Netlist Resource(s)
  -------------------------------------------------------------------    -------------------
    R17                                               0.000     0.000 f  reset (IN)
                         net (fo=0)                   0.000     0.000    reset
    R17                  IBUF (Prop_ibuf_I_O)         0.902     0.902 f  reset_IBUF_inst/O
                         net (fo=6, routed)           0.741     1.643    reset_IBUF
    SLICE_X0Y1           FDCE                                         f  FSM_onehot_state_reg[2]/CLR
  -------------------------------------------------------------------    -------------------





Min Delay Paths
--------------------------------------------------------------------------------------
Slack:                    inf
  Source:                 FSM_onehot_state_reg[3]/C
                            (rising edge-triggered cell FDCE)
  Destination:            FSM_onehot_state_reg[2]/D
  Path Group:             (none)
  Path Type:              Min at Fast Process Corner
  Data Path Delay:        0.292ns  (logic 0.189ns (64.750%)  route 0.103ns (35.250%))
  Logic Levels:           2  (FDCE=1 LUT4=1)

    Location             Delay type                Incr(ns)  Path(ns)    Netlist Resource(s)
  -------------------------------------------------------------------    -------------------
    SLICE_X1Y1           FDCE                         0.000     0.000 r  FSM_onehot_state_reg[3]/C
    SLICE_X1Y1           FDCE (Prop_fdce_C_Q)         0.141     0.141 r  FSM_onehot_state_reg[3]/Q
                         net (fo=2, routed)           0.103     0.244    FSM_onehot_state_reg_n_0_[3]
    SLICE_X0Y1           LUT4 (Prop_lut4_I0_O)        0.048     0.292 r  FSM_onehot_state[2]_i_1/O
                         net (fo=1, routed)           0.000     0.292    FSM_onehot_state[2]_i_1_n_0
    SLICE_X0Y1           FDCE                                         r  FSM_onehot_state_reg[2]/D
  -------------------------------------------------------------------    -------------------

Slack:                    inf
  Source:                 FSM_onehot_state_reg[3]/C
                            (rising edge-triggered cell FDCE)
  Destination:            FSM_onehot_state_reg[4]_lopt_replica/D
  Path Group:             (none)
  Path Type:              Min at Fast Process Corner
  Data Path Delay:        0.293ns  (logic 0.186ns (63.410%)  route 0.107ns (36.590%))
  Logic Levels:           2  (FDCE=1 LUT2=1)

    Location             Delay type                Incr(ns)  Path(ns)    Netlist Resource(s)
  -------------------------------------------------------------------    -------------------
    SLICE_X1Y1           FDCE                         0.000     0.000 r  FSM_onehot_state_reg[3]/C
    SLICE_X1Y1           FDCE (Prop_fdce_C_Q)         0.141     0.141 r  FSM_onehot_state_reg[3]/Q
                         net (fo=2, routed)           0.107     0.248    FSM_onehot_state_reg_n_0_[3]
    SLICE_X0Y1           LUT2 (Prop_lut2_I0_O)        0.045     0.293 r  FSM_onehot_state[4]_i_1/O
                         net (fo=2, routed)           0.000     0.293    FSM_onehot_state[4]_i_1_n_0
    SLICE_X0Y1           FDCE                                         r  FSM_onehot_state_reg[4]_lopt_replica/D
  -------------------------------------------------------------------    -------------------

Slack:                    inf
  Source:                 FSM_onehot_state_reg[4]/C
                            (rising edge-triggered cell FDCE)
  Destination:            FSM_onehot_state_reg[1]/D
  Path Group:             (none)
  Path Type:              Min at Fast Process Corner
  Data Path Delay:        0.331ns  (logic 0.186ns (56.147%)  route 0.145ns (43.853%))
  Logic Levels:           2  (FDCE=1 LUT4=1)

    Location             Delay type                Incr(ns)  Path(ns)    Netlist Resource(s)
  -------------------------------------------------------------------    -------------------
    SLICE_X1Y1           FDCE                         0.000     0.000 r  FSM_onehot_state_reg[4]/C
    SLICE_X1Y1           FDCE (Prop_fdce_C_Q)         0.141     0.141 r  FSM_onehot_state_reg[4]/Q
                         net (fo=2, routed)           0.145     0.286    detected_OBUF
    SLICE_X0Y1           LUT4 (Prop_lut4_I3_O)        0.045     0.331 r  FSM_onehot_state[1]_i_1/O
                         net (fo=1, routed)           0.000     0.331    FSM_onehot_state[1]_i_1_n_0
    SLICE_X0Y1           FDCE                                         r  FSM_onehot_state_reg[1]/D
  -------------------------------------------------------------------    -------------------

Slack:                    inf
  Source:                 FSM_onehot_state_reg[3]/C
                            (rising edge-triggered cell FDCE)
  Destination:            FSM_onehot_state_reg[4]/D
  Path Group:             (none)
  Path Type:              Min at Fast Process Corner
  Data Path Delay:        0.348ns  (logic 0.186ns (53.475%)  route 0.162ns (46.525%))
  Logic Levels:           2  (FDCE=1 LUT2=1)

    Location             Delay type                Incr(ns)  Path(ns)    Netlist Resource(s)
  -------------------------------------------------------------------    -------------------
    SLICE_X1Y1           FDCE                         0.000     0.000 r  FSM_onehot_state_reg[3]/C
    SLICE_X1Y1           FDCE (Prop_fdce_C_Q)         0.141     0.141 r  FSM_onehot_state_reg[3]/Q
                         net (fo=2, routed)           0.107     0.248    FSM_onehot_state_reg_n_0_[3]
    SLICE_X0Y1           LUT2 (Prop_lut2_I0_O)        0.045     0.293 r  FSM_onehot_state[4]_i_1/O
                         net (fo=2, routed)           0.054     0.348    FSM_onehot_state[4]_i_1_n_0
    SLICE_X1Y1           FDCE                                         r  FSM_onehot_state_reg[4]/D
  -------------------------------------------------------------------    -------------------

Slack:                    inf
  Source:                 FSM_onehot_state_reg[2]/C
                            (rising edge-triggered cell FDCE)
  Destination:            FSM_onehot_state_reg[0]/D
  Path Group:             (none)
  Path Type:              Min at Fast Process Corner
  Data Path Delay:        0.384ns  (logic 0.227ns (59.138%)  route 0.157ns (40.862%))
  Logic Levels:           2  (FDCE=1 LUT3=1)

    Location             Delay type                Incr(ns)  Path(ns)    Netlist Resource(s)
  -------------------------------------------------------------------    -------------------
    SLICE_X0Y1           FDCE                         0.000     0.000 r  FSM_onehot_state_reg[2]/C
    SLICE_X0Y1           FDCE (Prop_fdce_C_Q)         0.128     0.128 r  FSM_onehot_state_reg[2]/Q
                         net (fo=2, routed)           0.157     0.285    FSM_onehot_state_reg_n_0_[2]
    SLICE_X0Y1           LUT3 (Prop_lut3_I2_O)        0.099     0.384 r  FSM_onehot_state[0]_i_1/O
                         net (fo=1, routed)           0.000     0.384    FSM_onehot_state[0]_i_1_n_0
    SLICE_X0Y1           FDPE                                         r  FSM_onehot_state_reg[0]/D
  -------------------------------------------------------------------    -------------------

Slack:                    inf
  Source:                 reset
                            (input port)
  Destination:            FSM_onehot_state_reg[3]/CLR
  Path Group:             (none)
  Path Type:              Min at Fast Process Corner
  Data Path Delay:        0.546ns  (logic 0.198ns (36.340%)  route 0.347ns (63.660%))
  Logic Levels:           1  (IBUF=1)

    Location             Delay type                Incr(ns)  Path(ns)    Netlist Resource(s)
  -------------------------------------------------------------------    -------------------
    R17                                               0.000     0.000 f  reset (IN)
                         net (fo=0)                   0.000     0.000    reset
    R17                  IBUF (Prop_ibuf_I_O)         0.198     0.198 f  reset_IBUF_inst/O
                         net (fo=6, routed)           0.347     0.546    reset_IBUF
    SLICE_X1Y1           FDCE                                         f  FSM_onehot_state_reg[3]/CLR
  -------------------------------------------------------------------    -------------------

Slack:                    inf
  Source:                 reset
                            (input port)
  Destination:            FSM_onehot_state_reg[4]/CLR
  Path Group:             (none)
  Path Type:              Min at Fast Process Corner
  Data Path Delay:        0.546ns  (logic 0.198ns (36.340%)  route 0.347ns (63.660%))
  Logic Levels:           1  (IBUF=1)

    Location             Delay type                Incr(ns)  Path(ns)    Netlist Resource(s)
  -------------------------------------------------------------------    -------------------
    R17                                               0.000     0.000 f  reset (IN)
                         net (fo=0)                   0.000     0.000    reset
    R17                  IBUF (Prop_ibuf_I_O)         0.198     0.198 f  reset_IBUF_inst/O
                         net (fo=6, routed)           0.347     0.546    reset_IBUF
    SLICE_X1Y1           FDCE                                         f  FSM_onehot_state_reg[4]/CLR
  -------------------------------------------------------------------    -------------------

Slack:                    inf
  Source:                 reset
                            (input port)
  Destination:            FSM_onehot_state_reg[0]/PRE
  Path Group:             (none)
  Path Type:              Min at Fast Process Corner
  Data Path Delay:        0.550ns  (logic 0.198ns (36.093%)  route 0.351ns (63.907%))
  Logic Levels:           1  (IBUF=1)

    Location             Delay type                Incr(ns)  Path(ns)    Netlist Resource(s)
  -------------------------------------------------------------------    -------------------
    R17                                               0.000     0.000 f  reset (IN)
                         net (fo=0)                   0.000     0.000    reset
    R17                  IBUF (Prop_ibuf_I_O)         0.198     0.198 f  reset_IBUF_inst/O
                         net (fo=6, routed)           0.351     0.550    reset_IBUF
    SLICE_X0Y1           FDPE                                         f  FSM_onehot_state_reg[0]/PRE
  -------------------------------------------------------------------    -------------------

Slack:                    inf
  Source:                 reset
                            (input port)
  Destination:            FSM_onehot_state_reg[1]/CLR
  Path Group:             (none)
  Path Type:              Min at Fast Process Corner
  Data Path Delay:        0.550ns  (logic 0.198ns (36.093%)  route 0.351ns (63.907%))
  Logic Levels:           1  (IBUF=1)

    Location             Delay type                Incr(ns)  Path(ns)    Netlist Resource(s)
  -------------------------------------------------------------------    -------------------
    R17                                               0.000     0.000 f  reset (IN)
                         net (fo=0)                   0.000     0.000    reset
    R17                  IBUF (Prop_ibuf_I_O)         0.198     0.198 f  reset_IBUF_inst/O
                         net (fo=6, routed)           0.351     0.550    reset_IBUF
    SLICE_X0Y1           FDCE                                         f  FSM_onehot_state_reg[1]/CLR
  -------------------------------------------------------------------    -------------------

Slack:                    inf
  Source:                 reset
                            (input port)
  Destination:            FSM_onehot_state_reg[2]/CLR
  Path Group:             (none)
  Path Type:              Min at Fast Process Corner
  Data Path Delay:        0.550ns  (logic 0.198ns (36.093%)  route 0.351ns (63.907%))
  Logic Levels:           1  (IBUF=1)

    Location             Delay type                Incr(ns)  Path(ns)    Netlist Resource(s)
  -------------------------------------------------------------------    -------------------
    R17                                               0.000     0.000 f  reset (IN)
                         net (fo=0)                   0.000     0.000    reset
    R17                  IBUF (Prop_ibuf_I_O)         0.198     0.198 f  reset_IBUF_inst/O
                         net (fo=6, routed)           0.351     0.550    reset_IBUF
    SLICE_X0Y1           FDCE                                         f  FSM_onehot_state_reg[2]/CLR
  -------------------------------------------------------------------    -------------------





