Copyright 1986-2022 Xilinx, Inc. All Rights Reserved. Copyright 2022-2024 Advanced Micro Devices, Inc. All Rights Reserved.
------------------------------------------------------------------------------------------------------------------------------------------------------------------------------------------------------------------------------------------
| Tool Version : Vivado v.2024.2 (win64) Build 5239630 Fri Nov 08 22:35:27 MST 2024
| Date         : Sun Jul  6 21:30:58 2025
| Host         : Jagga running 64-bit major release  (build 9200)
| Command      : report_timing_summary -max_paths 10 -report_unconstrained -file comparator_4bit_timing_summary_routed.rpt -pb comparator_4bit_timing_summary_routed.pb -rpx comparator_4bit_timing_summary_routed.rpx -warn_on_violation
| Design       : comparator_4bit
| Device       : xa7a12t-csg325
| Speed File   : -1I  PRODUCTION 1.16 2018-06-13
| Design State : Routed
------------------------------------------------------------------------------------------------------------------------------------------------------------------------------------------------------------------------------------------

Timing Summary Report

------------------------------------------------------------------------------------------------
| Timer Settings
| --------------
------------------------------------------------------------------------------------------------

  Enable Multi Corner Analysis               :  Yes
  Enable Pessimism Removal                   :  Yes
  Pessimism Removal Resolution               :  Nearest Common Node
  Enable Input Delay Default Clock           :  No
  Enable Preset / Clear Arcs                 :  No
  Disable Flight Delays                      :  No
  Ignore I/O Paths                           :  No
  Timing Early Launch at Borrowing Latches   :  No
  Borrow Time for Max Delay Exceptions       :  Yes
  Merge Timing Exceptions                    :  Yes
  Inter-SLR Compensation                     :  Conservative

  Corner  Analyze    Analyze    
  Name    Max Paths  Min Paths  
  ------  ---------  ---------  
  Slow    Yes        Yes        
  Fast    Yes        Yes        


------------------------------------------------------------------------------------------------
| Report Methodology
| ------------------
------------------------------------------------------------------------------------------------

No report available as report_methodology has not been run prior. Run report_methodology on the current design for the summary of methodology violations.



check_timing report

Table of Contents
-----------------
1. checking no_clock (0)
2. checking constant_clock (0)
3. checking pulse_width_clock (0)
4. checking unconstrained_internal_endpoints (0)
5. checking no_input_delay (0)
6. checking no_output_delay (0)
7. checking multiple_clock (0)
8. checking generated_clocks (0)
9. checking loops (0)
10. checking partial_input_delay (0)
11. checking partial_output_delay (0)
12. checking latch_loops (0)

1. checking no_clock (0)
------------------------
 There are 0 register/latch pins with no clock.


2. checking constant_clock (0)
------------------------------
 There are 0 register/latch pins with constant_clock.


3. checking pulse_width_clock (0)
---------------------------------
 There are 0 register/latch pins which need pulse_width check


4. checking unconstrained_internal_endpoints (0)
------------------------------------------------
 There are 0 pins that are not constrained for maximum delay.

 There are 0 pins that are not constrained for maximum delay due to constant clock.


5. checking no_input_delay (0)
------------------------------
 There are 0 input ports with no input delay specified.

 There are 0 input ports with no input delay but user has a false path constraint.


6. checking no_output_delay (0)
-------------------------------
 There are 0 ports with no output delay specified.

 There are 0 ports with no output delay but user has a false path constraint

 There are 0 ports with no output delay but with a timing clock defined on it or propagating through it


7. checking multiple_clock (0)
------------------------------
 There are 0 register/latch pins with multiple clocks.


8. checking generated_clocks (0)
--------------------------------
 There are 0 generated clocks that are not connected to a clock source.


9. checking loops (0)
---------------------
 There are 0 combinational loops in the design.


10. checking partial_input_delay (0)
------------------------------------
 There are 0 input ports with partial input delay specified.


11. checking partial_output_delay (0)
-------------------------------------
 There are 0 ports with partial output delay specified.


12. checking latch_loops (0)
----------------------------
 There are 0 combinational latch loops in the design through latch input



------------------------------------------------------------------------------------------------
| Design Timing Summary
| ---------------------
------------------------------------------------------------------------------------------------

    WNS(ns)      TNS(ns)  TNS Failing Endpoints  TNS Total Endpoints      WHS(ns)      THS(ns)  THS Failing Endpoints  THS Total Endpoints     WPWS(ns)     TPWS(ns)  TPWS Failing Endpoints  TPWS Total Endpoints  
    -------      -------  ---------------------  -------------------      -------      -------  ---------------------  -------------------     --------     --------  ----------------------  --------------------  
        inf        0.000                      0                    3          inf        0.000                      0                    3           NA           NA                      NA                    NA  


There are no user specified timing constraints.


------------------------------------------------------------------------------------------------
| Clock Summary
| -------------
------------------------------------------------------------------------------------------------


------------------------------------------------------------------------------------------------
| Intra Clock Table
| -----------------
------------------------------------------------------------------------------------------------

Clock             WNS(ns)      TNS(ns)  TNS Failing Endpoints  TNS Total Endpoints      WHS(ns)      THS(ns)  THS Failing Endpoints  THS Total Endpoints     WPWS(ns)     TPWS(ns)  TPWS Failing Endpoints  TPWS Total Endpoints  
-----             -------      -------  ---------------------  -------------------      -------      -------  ---------------------  -------------------     --------     --------  ----------------------  --------------------  


------------------------------------------------------------------------------------------------
| Inter Clock Table
| -----------------
------------------------------------------------------------------------------------------------

From Clock    To Clock          WNS(ns)      TNS(ns)  TNS Failing Endpoints  TNS Total Endpoints      WHS(ns)      THS(ns)  THS Failing Endpoints  THS Total Endpoints  
----------    --------          -------      -------  ---------------------  -------------------      -------      -------  ---------------------  -------------------  


------------------------------------------------------------------------------------------------
| Other Path Groups Table
| -----------------------
------------------------------------------------------------------------------------------------

Path Group    From Clock    To Clock          WNS(ns)      TNS(ns)  TNS Failing Endpoints  TNS Total Endpoints      WHS(ns)      THS(ns)  THS Failing Endpoints  THS Total Endpoints  
----------    ----------    --------          -------      -------  ---------------------  -------------------      -------      -------  ---------------------  -------------------  


------------------------------------------------------------------------------------------------
| User Ignored Path Table
| -----------------------
------------------------------------------------------------------------------------------------

Path Group    From Clock    To Clock    
----------    ----------    --------    


------------------------------------------------------------------------------------------------
| Unconstrained Path Table
| ------------------------
------------------------------------------------------------------------------------------------

Path Group    From Clock    To Clock    
----------    ----------    --------    
(none)                                    


------------------------------------------------------------------------------------------------
| Timing Details
| --------------
------------------------------------------------------------------------------------------------


--------------------------------------------------------------------------------------
Path Group:  (none)
From Clock:  
  To Clock:  

Max Delay             3 Endpoints
Min Delay             3 Endpoints
--------------------------------------------------------------------------------------


Max Delay Paths
--------------------------------------------------------------------------------------
Slack:                    inf
  Source:                 a[1]
                            (input port)
  Destination:            eq
                            (output port)
  Path Group:             (none)
  Path Type:              Max at Slow Process Corner
  Data Path Delay:        8.160ns  (logic 4.083ns (50.035%)  route 4.077ns (49.965%))
  Logic Levels:           4  (IBUF=1 LUT3=1 LUT6=1 OBUF=1)

    Location             Delay type                Incr(ns)  Path(ns)    Netlist Resource(s)
  -------------------------------------------------------------------    -------------------
    V9                                                0.000     0.000 r  a[1] (IN)
                         net (fo=0)                   0.000     0.000    a[1]
    V9                   IBUF (Prop_ibuf_I_O)         0.979     0.979 r  a_IBUF[1]_inst/O
                         net (fo=3, routed)           1.617     2.596    a_IBUF[1]
    SLICE_X0Y5           LUT6 (Prop_lut6_I5_O)        0.124     2.720 r  eq_OBUF_inst_i_2/O
                         net (fo=1, routed)           0.647     3.367    eq_OBUF_inst_i_2_n_0
    SLICE_X0Y6           LUT3 (Prop_lut3_I2_O)        0.150     3.517 r  eq_OBUF_inst_i_1/O
                         net (fo=1, routed)           1.813     5.330    eq_OBUF
    V12                  OBUF (Prop_obuf_I_O)         2.830     8.160 r  eq_OBUF_inst/O
                         net (fo=0)                   0.000     8.160    eq
    V12                                                               r  eq (OUT)
  -------------------------------------------------------------------    -------------------

Slack:                    inf
  Source:                 a[2]
                            (input port)
  Destination:            lt
                            (output port)
  Path Group:             (none)
  Path Type:              Max at Slow Process Corner
  Data Path Delay:        7.788ns  (logic 3.847ns (49.403%)  route 3.940ns (50.597%))
  Logic Levels:           4  (IBUF=1 LUT3=1 LUT6=1 OBUF=1)

    Location             Delay type                Incr(ns)  Path(ns)    Netlist Resource(s)
  -------------------------------------------------------------------    -------------------
    U9                                                0.000     0.000 f  a[2] (IN)
                         net (fo=0)                   0.000     0.000    a[2]
    U9                   IBUF (Prop_ibuf_I_O)         0.978     0.978 f  a_IBUF[2]_inst/O
                         net (fo=3, routed)           1.439     2.416    a_IBUF[2]
    SLICE_X0Y5           LUT6 (Prop_lut6_I4_O)        0.124     2.540 r  lt_OBUF_inst_i_2/O
                         net (fo=1, routed)           0.638     3.179    lt_OBUF_inst_i_2_n_0
    SLICE_X0Y6           LUT3 (Prop_lut3_I0_O)        0.124     3.303 r  lt_OBUF_inst_i_1/O
                         net (fo=1, routed)           1.863     5.166    lt_OBUF
    U14                  OBUF (Prop_obuf_I_O)         2.622     7.788 r  lt_OBUF_inst/O
                         net (fo=0)                   0.000     7.788    lt
    U14                                                               r  lt (OUT)
  -------------------------------------------------------------------    -------------------

Slack:                    inf
  Source:                 a[0]
                            (input port)
  Destination:            gt
                            (output port)
  Path Group:             (none)
  Path Type:              Max at Slow Process Corner
  Data Path Delay:        7.574ns  (logic 3.821ns (50.445%)  route 3.753ns (49.555%))
  Logic Levels:           4  (IBUF=1 LUT3=1 LUT6=1 OBUF=1)

    Location             Delay type                Incr(ns)  Path(ns)    Netlist Resource(s)
  -------------------------------------------------------------------    -------------------
    U10                                               0.000     0.000 r  a[0] (IN)
                         net (fo=0)                   0.000     0.000    a[0]
    U10                  IBUF (Prop_ibuf_I_O)         0.949     0.949 r  a_IBUF[0]_inst/O
                         net (fo=3, routed)           1.456     2.405    a_IBUF[0]
    SLICE_X0Y5           LUT6 (Prop_lut6_I0_O)        0.124     2.529 r  gt_OBUF_inst_i_2/O
                         net (fo=1, routed)           0.586     3.115    gt_OBUF_inst_i_2_n_0
    SLICE_X0Y6           LUT3 (Prop_lut3_I0_O)        0.124     3.239 r  gt_OBUF_inst_i_1/O
                         net (fo=1, routed)           1.712     4.950    gt_OBUF
    V14                  OBUF (Prop_obuf_I_O)         2.624     7.574 r  gt_OBUF_inst/O
                         net (fo=0)                   0.000     7.574    gt
    V14                                                               r  gt (OUT)
  -------------------------------------------------------------------    -------------------





Min Delay Paths
--------------------------------------------------------------------------------------
Slack:                    inf
  Source:                 b[3]
                            (input port)
  Destination:            lt
                            (output port)
  Path Group:             (none)
  Path Type:              Min at Fast Process Corner
  Data Path Delay:        2.142ns  (logic 1.375ns (64.181%)  route 0.767ns (35.819%))
  Logic Levels:           3  (IBUF=1 LUT3=1 OBUF=1)

    Location             Delay type                Incr(ns)  Path(ns)    Netlist Resource(s)
  -------------------------------------------------------------------    -------------------
    V13                                               0.000     0.000 r  b[3] (IN)
                         net (fo=0)                   0.000     0.000    b[3]
    V13                  IBUF (Prop_ibuf_I_O)         0.191     0.191 r  b_IBUF[3]_inst/O
                         net (fo=3, routed)           0.353     0.544    b_IBUF[3]
    SLICE_X0Y6           LUT3 (Prop_lut3_I2_O)        0.045     0.589 r  lt_OBUF_inst_i_1/O
                         net (fo=1, routed)           0.414     1.003    lt_OBUF
    U14                  OBUF (Prop_obuf_I_O)         1.139     2.142 r  lt_OBUF_inst/O
                         net (fo=0)                   0.000     2.142    lt
    U14                                                               r  lt (OUT)
  -------------------------------------------------------------------    -------------------

Slack:                    inf
  Source:                 a[3]
                            (input port)
  Destination:            gt
                            (output port)
  Path Group:             (none)
  Path Type:              Min at Fast Process Corner
  Data Path Delay:        2.148ns  (logic 1.373ns (63.912%)  route 0.775ns (36.088%))
  Logic Levels:           3  (IBUF=1 LUT3=1 OBUF=1)

    Location             Delay type                Incr(ns)  Path(ns)    Netlist Resource(s)
  -------------------------------------------------------------------    -------------------
    V11                                               0.000     0.000 r  a[3] (IN)
                         net (fo=0)                   0.000     0.000    a[3]
    V11                  IBUF (Prop_ibuf_I_O)         0.187     0.187 r  a_IBUF[3]_inst/O
                         net (fo=3, routed)           0.419     0.606    a_IBUF[3]
    SLICE_X0Y6           LUT3 (Prop_lut3_I2_O)        0.045     0.651 r  gt_OBUF_inst_i_1/O
                         net (fo=1, routed)           0.357     1.008    gt_OBUF
    V14                  OBUF (Prop_obuf_I_O)         1.141     2.148 r  gt_OBUF_inst/O
                         net (fo=0)                   0.000     2.148    gt
    V14                                                               r  gt (OUT)
  -------------------------------------------------------------------    -------------------

Slack:                    inf
  Source:                 a[3]
                            (input port)
  Destination:            eq
                            (output port)
  Path Group:             (none)
  Path Type:              Min at Fast Process Corner
  Data Path Delay:        2.255ns  (logic 1.442ns (63.945%)  route 0.813ns (36.055%))
  Logic Levels:           3  (IBUF=1 LUT3=1 OBUF=1)

    Location             Delay type                Incr(ns)  Path(ns)    Netlist Resource(s)
  -------------------------------------------------------------------    -------------------
    V11                                               0.000     0.000 r  a[3] (IN)
                         net (fo=0)                   0.000     0.000    a[3]
    V11                  IBUF (Prop_ibuf_I_O)         0.187     0.187 r  a_IBUF[3]_inst/O
                         net (fo=3, routed)           0.419     0.606    a_IBUF[3]
    SLICE_X0Y6           LUT3 (Prop_lut3_I0_O)        0.048     0.654 r  eq_OBUF_inst_i_1/O
                         net (fo=1, routed)           0.394     1.048    eq_OBUF
    V12                  OBUF (Prop_obuf_I_O)         1.207     2.255 r  eq_OBUF_inst/O
                         net (fo=0)                   0.000     2.255    eq
    V12                                                               r  eq (OUT)
  -------------------------------------------------------------------    -------------------





