Copyright 1986-2022 Xilinx, Inc. All Rights Reserved. Copyright 2022-2024 Advanced Micro Devices, Inc. All Rights Reserved.
-----------------------------------------------------------------------------------------------------------------------------------------------------------------------------------------------------------------------
| Tool Version : Vivado v.2024.2 (win64) Build 5239630 Fri Nov 08 22:35:27 MST 2024
| Date         : Mon Sep 15 18:26:06 2025
| Host         : Jagga running 64-bit major release  (build 9200)
| Command      : report_methodology -file RADIX4_BOOTHMULTIPLIER32BIT_methodology_drc_routed.rpt -pb RADIX4_BOOTHMULTIPLIER32BIT_methodology_drc_routed.pb -rpx RADIX4_BOOTHMULTIPLIER32BIT_methodology_drc_routed.rpx
| Design       : RADIX4_BOOTHMULTIPLIER32BIT
| Device       : xa7a12tcsg325-2I
| Speed File   : -2I
| Design State : Fully Routed
-----------------------------------------------------------------------------------------------------------------------------------------------------------------------------------------------------------------------

Report Methodology

Table of Contents
-----------------
1. REPORT SUMMARY
2. REPORT DETAILS

1. REPORT SUMMARY
-----------------
            Netlist: netlist
          Floorplan: design_1
      Design limits: <entire design considered>
             Max checks: <unlimited>
             Checks found: 0
+------+----------+-------------+--------+
| Rule | Severity | Description | Checks |
+------+----------+-------------+--------+
+------+----------+-------------+--------+

2. REPORT DETAILS
-----------------

