Copyright 1986-2022 Xilinx, Inc. All Rights Reserved. Copyright 2022-2024 Advanced Micro Devices, Inc. All Rights Reserved.
------------------------------------------------------------------------------------------------------------------------------------------------------------------------------------------------------------------
| Tool Version : Vivado v.2024.2 (win64) Build 5239630 Fri Nov 08 22:35:27 MST 2024
| Date         : Mon Jul  7 15:23:03 2025
| Host         : Jagga running 64-bit major release  (build 9200)
| Command      : report_timing_summary -max_paths 10 -report_unconstrained -file encoder_timing_summary_routed.rpt -pb encoder_timing_summary_routed.pb -rpx encoder_timing_summary_routed.rpx -warn_on_violation
| Design       : encoder
| Device       : 7a35ti-csg325
| Speed File   : -1L  PRODUCTION 1.23 2018-06-13
| Design State : Routed
------------------------------------------------------------------------------------------------------------------------------------------------------------------------------------------------------------------

Timing Summary Report

------------------------------------------------------------------------------------------------
| Timer Settings
| --------------
------------------------------------------------------------------------------------------------

  Enable Multi Corner Analysis               :  Yes
  Enable Pessimism Removal                   :  Yes
  Pessimism Removal Resolution               :  Nearest Common Node
  Enable Input Delay Default Clock           :  No
  Enable Preset / Clear Arcs                 :  No
  Disable Flight Delays                      :  No
  Ignore I/O Paths                           :  No
  Timing Early Launch at Borrowing Latches   :  No
  Borrow Time for Max Delay Exceptions       :  Yes
  Merge Timing Exceptions                    :  Yes
  Inter-SLR Compensation                     :  Conservative

  Corner  Analyze    Analyze    
  Name    Max Paths  Min Paths  
  ------  ---------  ---------  
  Slow    Yes        Yes        
  Fast    Yes        Yes        


------------------------------------------------------------------------------------------------
| Report Methodology
| ------------------
------------------------------------------------------------------------------------------------

No report available as report_methodology has not been run prior. Run report_methodology on the current design for the summary of methodology violations.



check_timing report

Table of Contents
-----------------
1. checking no_clock (0)
2. checking constant_clock (0)
3. checking pulse_width_clock (0)
4. checking unconstrained_internal_endpoints (0)
5. checking no_input_delay (0)
6. checking no_output_delay (0)
7. checking multiple_clock (0)
8. checking generated_clocks (0)
9. checking loops (0)
10. checking partial_input_delay (0)
11. checking partial_output_delay (0)
12. checking latch_loops (0)

1. checking no_clock (0)
------------------------
 There are 0 register/latch pins with no clock.


2. checking constant_clock (0)
------------------------------
 There are 0 register/latch pins with constant_clock.


3. checking pulse_width_clock (0)
---------------------------------
 There are 0 register/latch pins which need pulse_width check


4. checking unconstrained_internal_endpoints (0)
------------------------------------------------
 There are 0 pins that are not constrained for maximum delay.

 There are 0 pins that are not constrained for maximum delay due to constant clock.


5. checking no_input_delay (0)
------------------------------
 There are 0 input ports with no input delay specified.

 There are 0 input ports with no input delay but user has a false path constraint.


6. checking no_output_delay (0)
-------------------------------
 There are 0 ports with no output delay specified.

 There are 0 ports with no output delay but user has a false path constraint

 There are 0 ports with no output delay but with a timing clock defined on it or propagating through it


7. checking multiple_clock (0)
------------------------------
 There are 0 register/latch pins with multiple clocks.


8. checking generated_clocks (0)
--------------------------------
 There are 0 generated clocks that are not connected to a clock source.


9. checking loops (0)
---------------------
 There are 0 combinational loops in the design.


10. checking partial_input_delay (0)
------------------------------------
 There are 0 input ports with partial input delay specified.


11. checking partial_output_delay (0)
-------------------------------------
 There are 0 ports with partial output delay specified.


12. checking latch_loops (0)
----------------------------
 There are 0 combinational latch loops in the design through latch input



------------------------------------------------------------------------------------------------
| Design Timing Summary
| ---------------------
------------------------------------------------------------------------------------------------

    WNS(ns)      TNS(ns)  TNS Failing Endpoints  TNS Total Endpoints      WHS(ns)      THS(ns)  THS Failing Endpoints  THS Total Endpoints     WPWS(ns)     TPWS(ns)  TPWS Failing Endpoints  TPWS Total Endpoints  
    -------      -------  ---------------------  -------------------      -------      -------  ---------------------  -------------------     --------     --------  ----------------------  --------------------  
        inf        0.000                      0                    3          inf        0.000                      0                    3           NA           NA                      NA                    NA  


There are no user specified timing constraints.


------------------------------------------------------------------------------------------------
| Clock Summary
| -------------
------------------------------------------------------------------------------------------------


------------------------------------------------------------------------------------------------
| Intra Clock Table
| -----------------
------------------------------------------------------------------------------------------------

Clock             WNS(ns)      TNS(ns)  TNS Failing Endpoints  TNS Total Endpoints      WHS(ns)      THS(ns)  THS Failing Endpoints  THS Total Endpoints     WPWS(ns)     TPWS(ns)  TPWS Failing Endpoints  TPWS Total Endpoints  
-----             -------      -------  ---------------------  -------------------      -------      -------  ---------------------  -------------------     --------     --------  ----------------------  --------------------  


------------------------------------------------------------------------------------------------
| Inter Clock Table
| -----------------
------------------------------------------------------------------------------------------------

From Clock    To Clock          WNS(ns)      TNS(ns)  TNS Failing Endpoints  TNS Total Endpoints      WHS(ns)      THS(ns)  THS Failing Endpoints  THS Total Endpoints  
----------    --------          -------      -------  ---------------------  -------------------      -------      -------  ---------------------  -------------------  


------------------------------------------------------------------------------------------------
| Other Path Groups Table
| -----------------------
------------------------------------------------------------------------------------------------

Path Group    From Clock    To Clock          WNS(ns)      TNS(ns)  TNS Failing Endpoints  TNS Total Endpoints      WHS(ns)      THS(ns)  THS Failing Endpoints  THS Total Endpoints  
----------    ----------    --------          -------      -------  ---------------------  -------------------      -------      -------  ---------------------  -------------------  


------------------------------------------------------------------------------------------------
| User Ignored Path Table
| -----------------------
------------------------------------------------------------------------------------------------

Path Group    From Clock    To Clock    
----------    ----------    --------    


------------------------------------------------------------------------------------------------
| Unconstrained Path Table
| ------------------------
------------------------------------------------------------------------------------------------

Path Group    From Clock    To Clock    
----------    ----------    --------    
(none)                                    


------------------------------------------------------------------------------------------------
| Timing Details
| --------------
------------------------------------------------------------------------------------------------


--------------------------------------------------------------------------------------
Path Group:  (none)
From Clock:  
  To Clock:  

Max Delay             3 Endpoints
Min Delay             3 Endpoints
--------------------------------------------------------------------------------------


Max Delay Paths
--------------------------------------------------------------------------------------
Slack:                    inf
  Source:                 a[0]
                            (input port)
  Destination:            b[0]
                            (output port)
  Path Group:             (none)
  Path Type:              Max at Slow Process Corner
  Data Path Delay:        7.041ns  (logic 3.932ns (55.843%)  route 3.109ns (44.157%))
  Logic Levels:           3  (IBUF=1 LUT4=1 OBUF=1)

    Location             Delay type                Incr(ns)  Path(ns)    Netlist Resource(s)
  -------------------------------------------------------------------    -------------------
    U10                                               0.000     0.000 f  a[0] (IN)
                         net (fo=0)                   0.000     0.000    a[0]
    U10                  IBUF (Prop_ibuf_I_O)         0.962     0.962 f  a_IBUF[0]_inst/O
                         net (fo=3, routed)           1.409     2.371    a_IBUF[0]
    SLICE_X0Y3           LUT4 (Prop_lut4_I3_O)        0.150     2.521 r  b_OBUF[0]_inst_i_1/O
                         net (fo=1, routed)           1.700     4.221    b_OBUF[0]
    U11                  OBUF (Prop_obuf_I_O)         2.820     7.041 r  b_OBUF[0]_inst/O
                         net (fo=0)                   0.000     7.041    b[0]
    U11                                                               r  b[0] (OUT)
  -------------------------------------------------------------------    -------------------

Slack:                    inf
  Source:                 a[3]
                            (input port)
  Destination:            v
                            (output port)
  Path Group:             (none)
  Path Type:              Max at Slow Process Corner
  Data Path Delay:        6.890ns  (logic 3.694ns (53.623%)  route 3.195ns (46.377%))
  Logic Levels:           3  (IBUF=1 LUT4=1 OBUF=1)

    Location             Delay type                Incr(ns)  Path(ns)    Netlist Resource(s)
  -------------------------------------------------------------------    -------------------
    V11                                               0.000     0.000 r  a[3] (IN)
                         net (fo=0)                   0.000     0.000    a[3]
    V11                  IBUF (Prop_ibuf_I_O)         0.957     0.957 r  a_IBUF[3]_inst/O
                         net (fo=3, routed)           1.371     2.327    a_IBUF[3]
    SLICE_X0Y3           LUT4 (Prop_lut4_I3_O)        0.124     2.451 r  v_OBUF_inst_i_1/O
                         net (fo=1, routed)           1.825     4.276    v_OBUF
    T12                  OBUF (Prop_obuf_I_O)         2.614     6.890 r  v_OBUF_inst/O
                         net (fo=0)                   0.000     6.890    v
    T12                                                               r  v (OUT)
  -------------------------------------------------------------------    -------------------

Slack:                    inf
  Source:                 a[0]
                            (input port)
  Destination:            b[1]
                            (output port)
  Path Group:             (none)
  Path Type:              Max at Slow Process Corner
  Data Path Delay:        6.779ns  (logic 3.698ns (54.558%)  route 3.080ns (45.442%))
  Logic Levels:           3  (IBUF=1 LUT4=1 OBUF=1)

    Location             Delay type                Incr(ns)  Path(ns)    Netlist Resource(s)
  -------------------------------------------------------------------    -------------------
    U10                                               0.000     0.000 f  a[0] (IN)
                         net (fo=0)                   0.000     0.000    a[0]
    U10                  IBUF (Prop_ibuf_I_O)         0.962     0.962 f  a_IBUF[0]_inst/O
                         net (fo=3, routed)           1.409     2.371    a_IBUF[0]
    SLICE_X0Y3           LUT4 (Prop_lut4_I0_O)        0.124     2.495 r  b_OBUF[1]_inst_i_1/O
                         net (fo=1, routed)           1.671     4.167    b_OBUF[1]
    U12                  OBUF (Prop_obuf_I_O)         2.612     6.779 r  b_OBUF[1]_inst/O
                         net (fo=0)                   0.000     6.779    b[1]
    U12                                                               r  b[1] (OUT)
  -------------------------------------------------------------------    -------------------





Min Delay Paths
--------------------------------------------------------------------------------------
Slack:                    inf
  Source:                 a[1]
                            (input port)
  Destination:            b[1]
                            (output port)
  Path Group:             (none)
  Path Type:              Min at Fast Process Corner
  Data Path Delay:        2.137ns  (logic 1.390ns (65.065%)  route 0.747ns (34.935%))
  Logic Levels:           3  (IBUF=1 LUT4=1 OBUF=1)

    Location             Delay type                Incr(ns)  Path(ns)    Netlist Resource(s)
  -------------------------------------------------------------------    -------------------
    V9                                                0.000     0.000 f  a[1] (IN)
                         net (fo=0)                   0.000     0.000    a[1]
    V9                   IBUF (Prop_ibuf_I_O)         0.216     0.216 f  a_IBUF[1]_inst/O
                         net (fo=3, routed)           0.404     0.621    a_IBUF[1]
    SLICE_X0Y3           LUT4 (Prop_lut4_I3_O)        0.045     0.666 r  b_OBUF[1]_inst_i_1/O
                         net (fo=1, routed)           0.342     1.008    b_OBUF[1]
    U12                  OBUF (Prop_obuf_I_O)         1.129     2.137 r  b_OBUF[1]_inst/O
                         net (fo=0)                   0.000     2.137    b[1]
    U12                                                               r  b[1] (OUT)
  -------------------------------------------------------------------    -------------------

Slack:                    inf
  Source:                 a[0]
                            (input port)
  Destination:            v
                            (output port)
  Path Group:             (none)
  Path Type:              Min at Fast Process Corner
  Data Path Delay:        2.153ns  (logic 1.367ns (63.469%)  route 0.787ns (36.531%))
  Logic Levels:           3  (IBUF=1 LUT4=1 OBUF=1)

    Location             Delay type                Incr(ns)  Path(ns)    Netlist Resource(s)
  -------------------------------------------------------------------    -------------------
    U10                                               0.000     0.000 r  a[0] (IN)
                         net (fo=0)                   0.000     0.000    a[0]
    U10                  IBUF (Prop_ibuf_I_O)         0.191     0.191 r  a_IBUF[0]_inst/O
                         net (fo=3, routed)           0.395     0.586    a_IBUF[0]
    SLICE_X0Y3           LUT4 (Prop_lut4_I0_O)        0.045     0.631 r  v_OBUF_inst_i_1/O
                         net (fo=1, routed)           0.392     1.023    v_OBUF
    T12                  OBUF (Prop_obuf_I_O)         1.131     2.153 r  v_OBUF_inst/O
                         net (fo=0)                   0.000     2.153    v
    T12                                                               r  v (OUT)
  -------------------------------------------------------------------    -------------------

Slack:                    inf
  Source:                 a[1]
                            (input port)
  Destination:            b[0]
                            (output port)
  Path Group:             (none)
  Path Type:              Min at Fast Process Corner
  Data Path Delay:        2.213ns  (logic 1.461ns (66.011%)  route 0.752ns (33.989%))
  Logic Levels:           3  (IBUF=1 LUT4=1 OBUF=1)

    Location             Delay type                Incr(ns)  Path(ns)    Netlist Resource(s)
  -------------------------------------------------------------------    -------------------
    V9                                                0.000     0.000 r  a[1] (IN)
                         net (fo=0)                   0.000     0.000    a[1]
    V9                   IBUF (Prop_ibuf_I_O)         0.216     0.216 r  a_IBUF[1]_inst/O
                         net (fo=3, routed)           0.404     0.621    a_IBUF[1]
    SLICE_X0Y3           LUT4 (Prop_lut4_I1_O)        0.048     0.669 r  b_OBUF[0]_inst_i_1/O
                         net (fo=1, routed)           0.348     1.017    b_OBUF[0]
    U11                  OBUF (Prop_obuf_I_O)         1.197     2.213 r  b_OBUF[0]_inst/O
                         net (fo=0)                   0.000     2.213    b[0]
    U11                                                               r  b[0] (OUT)
  -------------------------------------------------------------------    -------------------





