Copyright 1986-2022 Xilinx, Inc. All Rights Reserved. Copyright 2022-2024 Advanced Micro Devices, Inc. All Rights Reserved.
---------------------------------------------------------------------------------------------------------------------------------------------------------------------------------------------------
| Tool Version : Vivado v.2024.2 (win64) Build 5239630 Fri Nov 08 22:35:27 MST 2024
| Date         : Fri Jun 27 18:18:07 2025
| Host         : Jagga running 64-bit major release  (build 9200)
| Command      : report_timing_summary -max_paths 10 -report_unconstrained -file FA_timing_summary_routed.rpt -pb FA_timing_summary_routed.pb -rpx FA_timing_summary_routed.rpx -warn_on_violation
| Design       : FA
| Device       : 7a35ti-csg325
| Speed File   : -1L  PRODUCTION 1.23 2018-06-13
| Design State : Routed
---------------------------------------------------------------------------------------------------------------------------------------------------------------------------------------------------

Timing Summary Report

------------------------------------------------------------------------------------------------
| Timer Settings
| --------------
------------------------------------------------------------------------------------------------

  Enable Multi Corner Analysis               :  Yes
  Enable Pessimism Removal                   :  Yes
  Pessimism Removal Resolution               :  Nearest Common Node
  Enable Input Delay Default Clock           :  No
  Enable Preset / Clear Arcs                 :  No
  Disable Flight Delays                      :  No
  Ignore I/O Paths                           :  No
  Timing Early Launch at Borrowing Latches   :  No
  Borrow Time for Max Delay Exceptions       :  Yes
  Merge Timing Exceptions                    :  Yes
  Inter-SLR Compensation                     :  Conservative

  Corner  Analyze    Analyze    
  Name    Max Paths  Min Paths  
  ------  ---------  ---------  
  Slow    Yes        Yes        
  Fast    Yes        Yes        


------------------------------------------------------------------------------------------------
| Report Methodology
| ------------------
------------------------------------------------------------------------------------------------

No report available as report_methodology has not been run prior. Run report_methodology on the current design for the summary of methodology violations.



check_timing report

Table of Contents
-----------------
1. checking no_clock (0)
2. checking constant_clock (0)
3. checking pulse_width_clock (0)
4. checking unconstrained_internal_endpoints (0)
5. checking no_input_delay (0)
6. checking no_output_delay (0)
7. checking multiple_clock (0)
8. checking generated_clocks (0)
9. checking loops (0)
10. checking partial_input_delay (0)
11. checking partial_output_delay (0)
12. checking latch_loops (0)

1. checking no_clock (0)
------------------------
 There are 0 register/latch pins with no clock.


2. checking constant_clock (0)
------------------------------
 There are 0 register/latch pins with constant_clock.


3. checking pulse_width_clock (0)
---------------------------------
 There are 0 register/latch pins which need pulse_width check


4. checking unconstrained_internal_endpoints (0)
------------------------------------------------
 There are 0 pins that are not constrained for maximum delay.

 There are 0 pins that are not constrained for maximum delay due to constant clock.


5. checking no_input_delay (0)
------------------------------
 There are 0 input ports with no input delay specified.

 There are 0 input ports with no input delay but user has a false path constraint.


6. checking no_output_delay (0)
-------------------------------
 There are 0 ports with no output delay specified.

 There are 0 ports with no output delay but user has a false path constraint

 There are 0 ports with no output delay but with a timing clock defined on it or propagating through it


7. checking multiple_clock (0)
------------------------------
 There are 0 register/latch pins with multiple clocks.


8. checking generated_clocks (0)
--------------------------------
 There are 0 generated clocks that are not connected to a clock source.


9. checking loops (0)
---------------------
 There are 0 combinational loops in the design.


10. checking partial_input_delay (0)
------------------------------------
 There are 0 input ports with partial input delay specified.


11. checking partial_output_delay (0)
-------------------------------------
 There are 0 ports with partial output delay specified.


12. checking latch_loops (0)
----------------------------
 There are 0 combinational latch loops in the design through latch input



------------------------------------------------------------------------------------------------
| Design Timing Summary
| ---------------------
------------------------------------------------------------------------------------------------

    WNS(ns)      TNS(ns)  TNS Failing Endpoints  TNS Total Endpoints      WHS(ns)      THS(ns)  THS Failing Endpoints  THS Total Endpoints     WPWS(ns)     TPWS(ns)  TPWS Failing Endpoints  TPWS Total Endpoints  
    -------      -------  ---------------------  -------------------      -------      -------  ---------------------  -------------------     --------     --------  ----------------------  --------------------  
        inf        0.000                      0                    2          inf        0.000                      0                    2           NA           NA                      NA                    NA  


There are no user specified timing constraints.


------------------------------------------------------------------------------------------------
| Clock Summary
| -------------
------------------------------------------------------------------------------------------------


------------------------------------------------------------------------------------------------
| Intra Clock Table
| -----------------
------------------------------------------------------------------------------------------------

Clock             WNS(ns)      TNS(ns)  TNS Failing Endpoints  TNS Total Endpoints      WHS(ns)      THS(ns)  THS Failing Endpoints  THS Total Endpoints     WPWS(ns)     TPWS(ns)  TPWS Failing Endpoints  TPWS Total Endpoints  
-----             -------      -------  ---------------------  -------------------      -------      -------  ---------------------  -------------------     --------     --------  ----------------------  --------------------  


------------------------------------------------------------------------------------------------
| Inter Clock Table
| -----------------
------------------------------------------------------------------------------------------------

From Clock    To Clock          WNS(ns)      TNS(ns)  TNS Failing Endpoints  TNS Total Endpoints      WHS(ns)      THS(ns)  THS Failing Endpoints  THS Total Endpoints  
----------    --------          -------      -------  ---------------------  -------------------      -------      -------  ---------------------  -------------------  


------------------------------------------------------------------------------------------------
| Other Path Groups Table
| -----------------------
------------------------------------------------------------------------------------------------

Path Group    From Clock    To Clock          WNS(ns)      TNS(ns)  TNS Failing Endpoints  TNS Total Endpoints      WHS(ns)      THS(ns)  THS Failing Endpoints  THS Total Endpoints  
----------    ----------    --------          -------      -------  ---------------------  -------------------      -------      -------  ---------------------  -------------------  


------------------------------------------------------------------------------------------------
| User Ignored Path Table
| -----------------------
------------------------------------------------------------------------------------------------

Path Group    From Clock    To Clock    
----------    ----------    --------    


------------------------------------------------------------------------------------------------
| Unconstrained Path Table
| ------------------------
------------------------------------------------------------------------------------------------

Path Group    From Clock    To Clock    
----------    ----------    --------    
(none)                                    


------------------------------------------------------------------------------------------------
| Timing Details
| --------------
------------------------------------------------------------------------------------------------


--------------------------------------------------------------------------------------
Path Group:  (none)
From Clock:  
  To Clock:  

Max Delay             2 Endpoints
Min Delay             2 Endpoints
--------------------------------------------------------------------------------------


Max Delay Paths
--------------------------------------------------------------------------------------
Slack:                    inf
  Source:                 a
                            (input port)
  Destination:            carry
                            (output port)
  Path Group:             (none)
  Path Type:              Max at Slow Process Corner
  Data Path Delay:        6.846ns  (logic 3.934ns (57.461%)  route 2.912ns (42.539%))
  Logic Levels:           3  (IBUF=1 LUT3=1 OBUF=1)

    Location             Delay type                Incr(ns)  Path(ns)    Netlist Resource(s)
  -------------------------------------------------------------------    -------------------
    U10                                               0.000     0.000 r  a (IN)
                         net (fo=0)                   0.000     0.000    a
    U10                  IBUF (Prop_ibuf_I_O)         0.962     0.962 r  a_IBUF_inst/O
                         net (fo=2, routed)           1.212     2.175    a_IBUF
    SLICE_X0Y2           LUT3 (Prop_lut3_I2_O)        0.150     2.325 r  carry_OBUF_inst_i_1/O
                         net (fo=1, routed)           1.700     4.024    carry_OBUF
    V11                  OBUF (Prop_obuf_I_O)         2.822     6.846 r  carry_OBUF_inst/O
                         net (fo=0)                   0.000     6.846    carry
    V11                                                               r  carry (OUT)
  -------------------------------------------------------------------    -------------------

Slack:                    inf
  Source:                 a
                            (input port)
  Destination:            sum
                            (output port)
  Path Group:             (none)
  Path Type:              Max at Slow Process Corner
  Data Path Delay:        6.588ns  (logic 3.704ns (56.228%)  route 2.883ns (43.772%))
  Logic Levels:           3  (IBUF=1 LUT3=1 OBUF=1)

    Location             Delay type                Incr(ns)  Path(ns)    Netlist Resource(s)
  -------------------------------------------------------------------    -------------------
    U10                                               0.000     0.000 r  a (IN)
                         net (fo=0)                   0.000     0.000    a
    U10                  IBUF (Prop_ibuf_I_O)         0.962     0.962 r  a_IBUF_inst/O
                         net (fo=2, routed)           1.212     2.175    a_IBUF
    SLICE_X0Y2           LUT3 (Prop_lut3_I1_O)        0.124     2.299 r  sum_OBUF_inst_i_1/O
                         net (fo=1, routed)           1.671     3.970    sum_OBUF
    U11                  OBUF (Prop_obuf_I_O)         2.618     6.588 r  sum_OBUF_inst/O
                         net (fo=0)                   0.000     6.588    sum
    U11                                                               r  sum (OUT)
  -------------------------------------------------------------------    -------------------





Min Delay Paths
--------------------------------------------------------------------------------------
Slack:                    inf
  Source:                 cin
                            (input port)
  Destination:            sum
                            (output port)
  Path Group:             (none)
  Path Type:              Min at Fast Process Corner
  Data Path Delay:        2.069ns  (logic 1.392ns (67.290%)  route 0.677ns (32.710%))
  Logic Levels:           3  (IBUF=1 LUT3=1 OBUF=1)

    Location             Delay type                Incr(ns)  Path(ns)    Netlist Resource(s)
  -------------------------------------------------------------------    -------------------
    U9                                                0.000     0.000 r  cin (IN)
                         net (fo=0)                   0.000     0.000    cin
    U9                   IBUF (Prop_ibuf_I_O)         0.213     0.213 r  cin_IBUF_inst/O
                         net (fo=2, routed)           0.335     0.547    cin_IBUF
    SLICE_X0Y2           LUT3 (Prop_lut3_I0_O)        0.045     0.592 r  sum_OBUF_inst_i_1/O
                         net (fo=1, routed)           0.342     0.934    sum_OBUF
    U11                  OBUF (Prop_obuf_I_O)         1.135     2.069 r  sum_OBUF_inst/O
                         net (fo=0)                   0.000     2.069    sum
    U11                                                               r  sum (OUT)
  -------------------------------------------------------------------    -------------------

Slack:                    inf
  Source:                 cin
                            (input port)
  Destination:            carry
                            (output port)
  Path Group:             (none)
  Path Type:              Min at Fast Process Corner
  Data Path Delay:        2.142ns  (logic 1.459ns (68.126%)  route 0.683ns (31.874%))
  Logic Levels:           3  (IBUF=1 LUT3=1 OBUF=1)

    Location             Delay type                Incr(ns)  Path(ns)    Netlist Resource(s)
  -------------------------------------------------------------------    -------------------
    U9                                                0.000     0.000 r  cin (IN)
                         net (fo=0)                   0.000     0.000    cin
    U9                   IBUF (Prop_ibuf_I_O)         0.213     0.213 r  cin_IBUF_inst/O
                         net (fo=2, routed)           0.335     0.547    cin_IBUF
    SLICE_X0Y2           LUT3 (Prop_lut3_I0_O)        0.048     0.595 r  carry_OBUF_inst_i_1/O
                         net (fo=1, routed)           0.348     0.943    carry_OBUF
    V11                  OBUF (Prop_obuf_I_O)         1.198     2.142 r  carry_OBUF_inst/O
                         net (fo=0)                   0.000     2.142    carry
    V11                                                               r  carry (OUT)
  -------------------------------------------------------------------    -------------------





