Copyright 1986-2022 Xilinx, Inc. All Rights Reserved. Copyright 2022-2024 Advanced Micro Devices, Inc. All Rights Reserved.
------------------------------------------------------------------------------------------------------------------------------------------------------------------------------------------------------------------
| Tool Version : Vivado v.2024.2 (win64) Build 5239630 Fri Nov 08 22:35:27 MST 2024
| Date         : Mon Jul 21 19:30:38 2025
| Host         : Jagga running 64-bit major release  (build 9200)
| Command      : report_timing_summary -max_paths 10 -report_unconstrained -file T_latch_timing_summary_routed.rpt -pb T_latch_timing_summary_routed.pb -rpx T_latch_timing_summary_routed.rpx -warn_on_violation
| Design       : T_latch
| Device       : xa7a12t-csg325
| Speed File   : -1Q  PRODUCTION 1.16 2018-06-13
| Design State : Routed
------------------------------------------------------------------------------------------------------------------------------------------------------------------------------------------------------------------

Timing Summary Report

------------------------------------------------------------------------------------------------
| Timer Settings
| --------------
------------------------------------------------------------------------------------------------

  Enable Multi Corner Analysis               :  Yes
  Enable Pessimism Removal                   :  Yes
  Pessimism Removal Resolution               :  Nearest Common Node
  Enable Input Delay Default Clock           :  No
  Enable Preset / Clear Arcs                 :  No
  Disable Flight Delays                      :  No
  Ignore I/O Paths                           :  No
  Timing Early Launch at Borrowing Latches   :  No
  Borrow Time for Max Delay Exceptions       :  Yes
  Merge Timing Exceptions                    :  Yes
  Inter-SLR Compensation                     :  Conservative

  Corner  Analyze    Analyze    
  Name    Max Paths  Min Paths  
  ------  ---------  ---------  
  Slow    Yes        Yes        
  Fast    Yes        Yes        


------------------------------------------------------------------------------------------------
| Report Methodology
| ------------------
------------------------------------------------------------------------------------------------

Rule       Severity  Description                     Violations  
---------  --------  ------------------------------  ----------  
TIMING-20  Warning   Non-clocked latch               1           
LATCH-1    Advisory  Existing latches in the design  1           

Note: This report is based on the most recent report_methodology run and may not be up-to-date. Run report_methodology on the current design for the latest report.



check_timing report

Table of Contents
-----------------
1. checking no_clock (2)
2. checking constant_clock (0)
3. checking pulse_width_clock (0)
4. checking unconstrained_internal_endpoints (1)
5. checking no_input_delay (0)
6. checking no_output_delay (2)
7. checking multiple_clock (0)
8. checking generated_clocks (0)
9. checking loops (0)
10. checking partial_input_delay (0)
11. checking partial_output_delay (0)
12. checking latch_loops (1)

1. checking no_clock (2)
------------------------
 There is 1 register/latch pin with no clock driven by root clock pin: T (HIGH)

 There is 1 register/latch pin with no clock driven by root clock pin: en (HIGH)


2. checking constant_clock (0)
------------------------------
 There are 0 register/latch pins with constant_clock.


3. checking pulse_width_clock (0)
---------------------------------
 There are 0 register/latch pins which need pulse_width check


4. checking unconstrained_internal_endpoints (1)
------------------------------------------------
 There is 1 pin that is not constrained for maximum delay. (HIGH)

 There are 0 pins that are not constrained for maximum delay due to constant clock.


5. checking no_input_delay (0)
------------------------------
 There are 0 input ports with no input delay specified.

 There are 0 input ports with no input delay but user has a false path constraint.


6. checking no_output_delay (2)
-------------------------------
 There are 2 ports with no output delay specified. (HIGH)

 There are 0 ports with no output delay but user has a false path constraint

 There are 0 ports with no output delay but with a timing clock defined on it or propagating through it


7. checking multiple_clock (0)
------------------------------
 There are 0 register/latch pins with multiple clocks.


8. checking generated_clocks (0)
--------------------------------
 There are 0 generated clocks that are not connected to a clock source.


9. checking loops (0)
---------------------
 There are 0 combinational loops in the design.


10. checking partial_input_delay (0)
------------------------------------
 There are 0 input ports with partial input delay specified.


11. checking partial_output_delay (0)
-------------------------------------
 There are 0 ports with partial output delay specified.


12. checking latch_loops (1)
----------------------------
 There is 1 combinational latch loop in the design through latch input (HIGH)



------------------------------------------------------------------------------------------------
| Design Timing Summary
| ---------------------
------------------------------------------------------------------------------------------------

    WNS(ns)      TNS(ns)  TNS Failing Endpoints  TNS Total Endpoints      WHS(ns)      THS(ns)  THS Failing Endpoints  THS Total Endpoints     WPWS(ns)     TPWS(ns)  TPWS Failing Endpoints  TPWS Total Endpoints  
    -------      -------  ---------------------  -------------------      -------      -------  ---------------------  -------------------     --------     --------  ----------------------  --------------------  
        inf        0.000                      0                    3          inf        0.000                      0                    3           NA           NA                      NA                    NA  


There are no user specified timing constraints.


------------------------------------------------------------------------------------------------
| Clock Summary
| -------------
------------------------------------------------------------------------------------------------


------------------------------------------------------------------------------------------------
| Intra Clock Table
| -----------------
------------------------------------------------------------------------------------------------

Clock             WNS(ns)      TNS(ns)  TNS Failing Endpoints  TNS Total Endpoints      WHS(ns)      THS(ns)  THS Failing Endpoints  THS Total Endpoints     WPWS(ns)     TPWS(ns)  TPWS Failing Endpoints  TPWS Total Endpoints  
-----             -------      -------  ---------------------  -------------------      -------      -------  ---------------------  -------------------     --------     --------  ----------------------  --------------------  


------------------------------------------------------------------------------------------------
| Inter Clock Table
| -----------------
------------------------------------------------------------------------------------------------

From Clock    To Clock          WNS(ns)      TNS(ns)  TNS Failing Endpoints  TNS Total Endpoints      WHS(ns)      THS(ns)  THS Failing Endpoints  THS Total Endpoints  
----------    --------          -------      -------  ---------------------  -------------------      -------      -------  ---------------------  -------------------  


------------------------------------------------------------------------------------------------
| Other Path Groups Table
| -----------------------
------------------------------------------------------------------------------------------------

Path Group    From Clock    To Clock          WNS(ns)      TNS(ns)  TNS Failing Endpoints  TNS Total Endpoints      WHS(ns)      THS(ns)  THS Failing Endpoints  THS Total Endpoints  
----------    ----------    --------          -------      -------  ---------------------  -------------------      -------      -------  ---------------------  -------------------  


------------------------------------------------------------------------------------------------
| User Ignored Path Table
| -----------------------
------------------------------------------------------------------------------------------------

Path Group    From Clock    To Clock    
----------    ----------    --------    


------------------------------------------------------------------------------------------------
| Unconstrained Path Table
| ------------------------
------------------------------------------------------------------------------------------------

Path Group    From Clock    To Clock    
----------    ----------    --------    
(none)                                    


------------------------------------------------------------------------------------------------
| Timing Details
| --------------
------------------------------------------------------------------------------------------------


--------------------------------------------------------------------------------------
Path Group:  (none)
From Clock:  
  To Clock:  

Max Delay             3 Endpoints
Min Delay             3 Endpoints
--------------------------------------------------------------------------------------


Max Delay Paths
--------------------------------------------------------------------------------------
Slack:                    inf
  Source:                 Q_reg/G
                            (positive level-sensitive latch)
  Destination:            Qn
                            (output port)
  Path Group:             (none)
  Path Type:              Max at Slow Process Corner
  Data Path Delay:        5.376ns  (logic 3.326ns (61.863%)  route 2.050ns (38.137%))
  Logic Levels:           3  (LDCE=1 LUT1=1 OBUF=1)

    Location             Delay type                Incr(ns)  Path(ns)    Netlist Resource(s)
  -------------------------------------------------------------------    -------------------
    SLICE_X0Y1           LDCE                         0.000     0.000 r  Q_reg/G
    SLICE_X0Y1           LDCE (EnToQ_ldce_G_Q)        0.559     0.559 f  Q_reg/Q
                         net (fo=2, routed)           0.522     1.081    Q_OBUF
    SLICE_X0Y1           LUT1 (Prop_lut1_I0_O)        0.124     1.205 r  Qn_OBUF_inst_i_1/O
                         net (fo=2, routed)           1.529     2.733    Qn_OBUF
    V9                   OBUF (Prop_obuf_I_O)         2.643     5.376 r  Qn_OBUF_inst/O
                         net (fo=0)                   0.000     5.376    Qn
    V9                                                                r  Qn (OUT)
  -------------------------------------------------------------------    -------------------

Slack:                    inf
  Source:                 Q_reg/G
                            (positive level-sensitive latch)
  Destination:            Q
                            (output port)
  Path Group:             (none)
  Path Type:              Max at Slow Process Corner
  Data Path Delay:        4.857ns  (logic 3.172ns (65.305%)  route 1.685ns (34.695%))
  Logic Levels:           2  (LDCE=1 OBUF=1)

    Location             Delay type                Incr(ns)  Path(ns)    Netlist Resource(s)
  -------------------------------------------------------------------    -------------------
    SLICE_X0Y1           LDCE                         0.000     0.000 r  Q_reg/G
    SLICE_X0Y1           LDCE (EnToQ_ldce_G_Q)        0.559     0.559 r  Q_reg/Q
                         net (fo=2, routed)           1.685     2.244    Q_OBUF
    U10                  OBUF (Prop_obuf_I_O)         2.613     4.857 r  Q_OBUF_inst/O
                         net (fo=0)                   0.000     4.857    Q
    U10                                                               r  Q (OUT)
  -------------------------------------------------------------------    -------------------

Slack:                    inf
  Source:                 Q_reg/G
                            (positive level-sensitive latch)
  Destination:            Q_reg/D
  Path Group:             (none)
  Path Type:              Max at Slow Process Corner
  Data Path Delay:        1.205ns  (logic 0.683ns (56.693%)  route 0.522ns (43.307%))
  Logic Levels:           2  (LDCE=1 LUT1=1)

    Location             Delay type                Incr(ns)  Path(ns)    Netlist Resource(s)
  -------------------------------------------------------------------    -------------------
    SLICE_X0Y1           LDCE                         0.000     0.000 r  Q_reg/G
    SLICE_X0Y1           LDCE (EnToQ_ldce_G_Q)        0.559     0.559 f  Q_reg/Q
                         net (fo=2, routed)           0.522     1.081    Q_OBUF
    SLICE_X0Y1           LUT1 (Prop_lut1_I0_O)        0.124     1.205 r  Qn_OBUF_inst_i_1/O
                         net (fo=2, routed)           0.000     1.205    Qn_OBUF
    SLICE_X0Y1           LDCE                                         r  Q_reg/D
  -------------------------------------------------------------------    -------------------





Min Delay Paths
--------------------------------------------------------------------------------------
Slack:                    inf
  Source:                 Q_reg/G
                            (positive level-sensitive latch)
  Destination:            Q_reg/D
  Path Group:             (none)
  Path Type:              Min at Fast Process Corner
  Data Path Delay:        0.388ns  (logic 0.203ns (52.356%)  route 0.185ns (47.644%))
  Logic Levels:           2  (LDCE=1 LUT1=1)

    Location             Delay type                Incr(ns)  Path(ns)    Netlist Resource(s)
  -------------------------------------------------------------------    -------------------
    SLICE_X0Y1           LDCE                         0.000     0.000 r  Q_reg/G
    SLICE_X0Y1           LDCE (EnToQ_ldce_G_Q)        0.158     0.158 f  Q_reg/Q
                         net (fo=2, routed)           0.185     0.343    Q_OBUF
    SLICE_X0Y1           LUT1 (Prop_lut1_I0_O)        0.045     0.388 r  Qn_OBUF_inst_i_1/O
                         net (fo=2, routed)           0.000     0.388    Qn_OBUF
    SLICE_X0Y1           LDCE                                         r  Q_reg/D
  -------------------------------------------------------------------    -------------------

Slack:                    inf
  Source:                 Q_reg/G
                            (positive level-sensitive latch)
  Destination:            Q
                            (output port)
  Path Group:             (none)
  Path Type:              Min at Fast Process Corner
  Data Path Delay:        1.638ns  (logic 1.287ns (78.565%)  route 0.351ns (21.435%))
  Logic Levels:           2  (LDCE=1 OBUF=1)

    Location             Delay type                Incr(ns)  Path(ns)    Netlist Resource(s)
  -------------------------------------------------------------------    -------------------
    SLICE_X0Y1           LDCE                         0.000     0.000 r  Q_reg/G
    SLICE_X0Y1           LDCE (EnToQ_ldce_G_Q)        0.158     0.158 r  Q_reg/Q
                         net (fo=2, routed)           0.351     0.509    Q_OBUF
    U10                  OBUF (Prop_obuf_I_O)         1.129     1.638 r  Q_OBUF_inst/O
                         net (fo=0)                   0.000     1.638    Q
    U10                                                               r  Q (OUT)
  -------------------------------------------------------------------    -------------------

Slack:                    inf
  Source:                 Q_reg/G
                            (positive level-sensitive latch)
  Destination:            Qn
                            (output port)
  Path Group:             (none)
  Path Type:              Min at Fast Process Corner
  Data Path Delay:        1.828ns  (logic 1.362ns (74.488%)  route 0.466ns (25.512%))
  Logic Levels:           3  (LDCE=1 LUT1=1 OBUF=1)

    Location             Delay type                Incr(ns)  Path(ns)    Netlist Resource(s)
  -------------------------------------------------------------------    -------------------
    SLICE_X0Y1           LDCE                         0.000     0.000 r  Q_reg/G
    SLICE_X0Y1           LDCE (EnToQ_ldce_G_Q)        0.158     0.158 f  Q_reg/Q
                         net (fo=2, routed)           0.185     0.343    Q_OBUF
    SLICE_X0Y1           LUT1 (Prop_lut1_I0_O)        0.045     0.388 r  Qn_OBUF_inst_i_1/O
                         net (fo=2, routed)           0.282     0.669    Qn_OBUF
    V9                   OBUF (Prop_obuf_I_O)         1.159     1.828 r  Qn_OBUF_inst/O
                         net (fo=0)                   0.000     1.828    Qn
    V9                                                                r  Qn (OUT)
  -------------------------------------------------------------------    -------------------





