Copyright 1986-2022 Xilinx, Inc. All Rights Reserved. Copyright 2022-2024 Advanced Micro Devices, Inc. All Rights Reserved.
------------------------------------------------------------------------------------------------------------------------------------------------------------------------------------------------------------------------------------------
| Tool Version : Vivado v.2024.2 (win64) Build 5239630 Fri Nov 08 22:35:27 MST 2024
| Date         : Sun Jul  6 14:22:46 2025
| Host         : Jagga running 64-bit major release  (build 9200)
| Command      : report_timing_summary -max_paths 10 -report_unconstrained -file comparator_1bit_timing_summary_routed.rpt -pb comparator_1bit_timing_summary_routed.pb -rpx comparator_1bit_timing_summary_routed.rpx -warn_on_violation
| Design       : comparator_1bit
| Device       : 7a50t-csg325
| Speed File   : -2  PRODUCTION 1.23 2018-06-13
| Design State : Routed
------------------------------------------------------------------------------------------------------------------------------------------------------------------------------------------------------------------------------------------

Timing Summary Report

------------------------------------------------------------------------------------------------
| Timer Settings
| --------------
------------------------------------------------------------------------------------------------

  Enable Multi Corner Analysis               :  Yes
  Enable Pessimism Removal                   :  Yes
  Pessimism Removal Resolution               :  Nearest Common Node
  Enable Input Delay Default Clock           :  No
  Enable Preset / Clear Arcs                 :  No
  Disable Flight Delays                      :  No
  Ignore I/O Paths                           :  No
  Timing Early Launch at Borrowing Latches   :  No
  Borrow Time for Max Delay Exceptions       :  Yes
  Merge Timing Exceptions                    :  Yes
  Inter-SLR Compensation                     :  Conservative

  Corner  Analyze    Analyze    
  Name    Max Paths  Min Paths  
  ------  ---------  ---------  
  Slow    Yes        Yes        
  Fast    Yes        Yes        


------------------------------------------------------------------------------------------------
| Report Methodology
| ------------------
------------------------------------------------------------------------------------------------

No report available as report_methodology has not been run prior. Run report_methodology on the current design for the summary of methodology violations.



check_timing report

Table of Contents
-----------------
1. checking no_clock (0)
2. checking constant_clock (0)
3. checking pulse_width_clock (0)
4. checking unconstrained_internal_endpoints (0)
5. checking no_input_delay (0)
6. checking no_output_delay (0)
7. checking multiple_clock (0)
8. checking generated_clocks (0)
9. checking loops (0)
10. checking partial_input_delay (0)
11. checking partial_output_delay (0)
12. checking latch_loops (0)

1. checking no_clock (0)
------------------------
 There are 0 register/latch pins with no clock.


2. checking constant_clock (0)
------------------------------
 There are 0 register/latch pins with constant_clock.


3. checking pulse_width_clock (0)
---------------------------------
 There are 0 register/latch pins which need pulse_width check


4. checking unconstrained_internal_endpoints (0)
------------------------------------------------
 There are 0 pins that are not constrained for maximum delay.

 There are 0 pins that are not constrained for maximum delay due to constant clock.


5. checking no_input_delay (0)
------------------------------
 There are 0 input ports with no input delay specified.

 There are 0 input ports with no input delay but user has a false path constraint.


6. checking no_output_delay (0)
-------------------------------
 There are 0 ports with no output delay specified.

 There are 0 ports with no output delay but user has a false path constraint

 There are 0 ports with no output delay but with a timing clock defined on it or propagating through it


7. checking multiple_clock (0)
------------------------------
 There are 0 register/latch pins with multiple clocks.


8. checking generated_clocks (0)
--------------------------------
 There are 0 generated clocks that are not connected to a clock source.


9. checking loops (0)
---------------------
 There are 0 combinational loops in the design.


10. checking partial_input_delay (0)
------------------------------------
 There are 0 input ports with partial input delay specified.


11. checking partial_output_delay (0)
-------------------------------------
 There are 0 ports with partial output delay specified.


12. checking latch_loops (0)
----------------------------
 There are 0 combinational latch loops in the design through latch input



------------------------------------------------------------------------------------------------
| Design Timing Summary
| ---------------------
------------------------------------------------------------------------------------------------

    WNS(ns)      TNS(ns)  TNS Failing Endpoints  TNS Total Endpoints      WHS(ns)      THS(ns)  THS Failing Endpoints  THS Total Endpoints     WPWS(ns)     TPWS(ns)  TPWS Failing Endpoints  TPWS Total Endpoints  
    -------      -------  ---------------------  -------------------      -------      -------  ---------------------  -------------------     --------     --------  ----------------------  --------------------  
        inf        0.000                      0                    3          inf        0.000                      0                    3           NA           NA                      NA                    NA  


There are no user specified timing constraints.


------------------------------------------------------------------------------------------------
| Clock Summary
| -------------
------------------------------------------------------------------------------------------------


------------------------------------------------------------------------------------------------
| Intra Clock Table
| -----------------
------------------------------------------------------------------------------------------------

Clock             WNS(ns)      TNS(ns)  TNS Failing Endpoints  TNS Total Endpoints      WHS(ns)      THS(ns)  THS Failing Endpoints  THS Total Endpoints     WPWS(ns)     TPWS(ns)  TPWS Failing Endpoints  TPWS Total Endpoints  
-----             -------      -------  ---------------------  -------------------      -------      -------  ---------------------  -------------------     --------     --------  ----------------------  --------------------  


------------------------------------------------------------------------------------------------
| Inter Clock Table
| -----------------
------------------------------------------------------------------------------------------------

From Clock    To Clock          WNS(ns)      TNS(ns)  TNS Failing Endpoints  TNS Total Endpoints      WHS(ns)      THS(ns)  THS Failing Endpoints  THS Total Endpoints  
----------    --------          -------      -------  ---------------------  -------------------      -------      -------  ---------------------  -------------------  


------------------------------------------------------------------------------------------------
| Other Path Groups Table
| -----------------------
------------------------------------------------------------------------------------------------

Path Group    From Clock    To Clock          WNS(ns)      TNS(ns)  TNS Failing Endpoints  TNS Total Endpoints      WHS(ns)      THS(ns)  THS Failing Endpoints  THS Total Endpoints  
----------    ----------    --------          -------      -------  ---------------------  -------------------      -------      -------  ---------------------  -------------------  


------------------------------------------------------------------------------------------------
| User Ignored Path Table
| -----------------------
------------------------------------------------------------------------------------------------

Path Group    From Clock    To Clock    
----------    ----------    --------    


------------------------------------------------------------------------------------------------
| Unconstrained Path Table
| ------------------------
------------------------------------------------------------------------------------------------

Path Group    From Clock    To Clock    
----------    ----------    --------    
(none)                                    


------------------------------------------------------------------------------------------------
| Timing Details
| --------------
------------------------------------------------------------------------------------------------


--------------------------------------------------------------------------------------
Path Group:  (none)
From Clock:  
  To Clock:  

Max Delay             3 Endpoints
Min Delay             3 Endpoints
--------------------------------------------------------------------------------------


Max Delay Paths
--------------------------------------------------------------------------------------
Slack:                    inf
  Source:                 a
                            (input port)
  Destination:            gt
                            (output port)
  Path Group:             (none)
  Path Type:              Max at Slow Process Corner
  Data Path Delay:        5.957ns  (logic 3.546ns (59.533%)  route 2.411ns (40.467%))
  Logic Levels:           3  (IBUF=1 LUT2=1 OBUF=1)

    Location             Delay type                Incr(ns)  Path(ns)    Netlist Resource(s)
  -------------------------------------------------------------------    -------------------
    U10                                               0.000     0.000 r  a (IN)
                         net (fo=0)                   0.000     0.000    a
    U10                  IBUF (Prop_ibuf_I_O)         0.894     0.894 r  a_IBUF_inst/O
                         net (fo=3, routed)           0.980     1.874    a_IBUF
    SLICE_X0Y1           LUT2 (Prop_lut2_I0_O)        0.124     1.998 r  gt_OBUF_inst_i_1/O
                         net (fo=1, routed)           1.430     3.429    gt_OBUF
    V11                  OBUF (Prop_obuf_I_O)         2.528     5.957 r  gt_OBUF_inst/O
                         net (fo=0)                   0.000     5.957    gt
    V11                                                               r  gt (OUT)
  -------------------------------------------------------------------    -------------------

Slack:                    inf
  Source:                 a
                            (input port)
  Destination:            eq
                            (output port)
  Path Group:             (none)
  Path Type:              Max at Slow Process Corner
  Data Path Delay:        5.751ns  (logic 3.393ns (58.991%)  route 2.358ns (41.009%))
  Logic Levels:           3  (IBUF=1 LUT2=1 OBUF=1)

    Location             Delay type                Incr(ns)  Path(ns)    Netlist Resource(s)
  -------------------------------------------------------------------    -------------------
    U10                                               0.000     0.000 r  a (IN)
                         net (fo=0)                   0.000     0.000    a
    U10                  IBUF (Prop_ibuf_I_O)         0.894     0.894 r  a_IBUF_inst/O
                         net (fo=3, routed)           0.977     1.871    a_IBUF
    SLICE_X0Y1           LUT2 (Prop_lut2_I1_O)        0.105     1.976 r  eq_OBUF_inst_i_1/O
                         net (fo=1, routed)           1.381     3.358    eq_OBUF
    U9                   OBUF (Prop_obuf_I_O)         2.393     5.751 r  eq_OBUF_inst/O
                         net (fo=0)                   0.000     5.751    eq
    U9                                                                r  eq (OUT)
  -------------------------------------------------------------------    -------------------

Slack:                    inf
  Source:                 a
                            (input port)
  Destination:            lt
                            (output port)
  Path Group:             (none)
  Path Type:              Max at Slow Process Corner
  Data Path Delay:        5.750ns  (logic 3.364ns (58.495%)  route 2.387ns (41.505%))
  Logic Levels:           3  (IBUF=1 LUT2=1 OBUF=1)

    Location             Delay type                Incr(ns)  Path(ns)    Netlist Resource(s)
  -------------------------------------------------------------------    -------------------
    U10                                               0.000     0.000 f  a (IN)
                         net (fo=0)                   0.000     0.000    a
    U10                  IBUF (Prop_ibuf_I_O)         0.894     0.894 f  a_IBUF_inst/O
                         net (fo=3, routed)           0.980     1.874    a_IBUF
    SLICE_X0Y1           LUT2 (Prop_lut2_I1_O)        0.105     1.979 r  lt_OBUF_inst_i_1/O
                         net (fo=1, routed)           1.407     3.386    lt_OBUF
    U11                  OBUF (Prop_obuf_I_O)         2.364     5.750 r  lt_OBUF_inst/O
                         net (fo=0)                   0.000     5.750    lt
    U11                                                               r  lt (OUT)
  -------------------------------------------------------------------    -------------------





Min Delay Paths
--------------------------------------------------------------------------------------
Slack:                    inf
  Source:                 b
                            (input port)
  Destination:            eq
                            (output port)
  Path Group:             (none)
  Path Type:              Min at Fast Process Corner
  Data Path Delay:        2.081ns  (logic 1.425ns (68.465%)  route 0.656ns (31.535%))
  Logic Levels:           3  (IBUF=1 LUT2=1 OBUF=1)

    Location             Delay type                Incr(ns)  Path(ns)    Netlist Resource(s)
  -------------------------------------------------------------------    -------------------
    V9                                                0.000     0.000 r  b (IN)
                         net (fo=0)                   0.000     0.000    b
    V9                   IBUF (Prop_ibuf_I_O)         0.216     0.216 r  b_IBUF_inst/O
                         net (fo=3, routed)           0.340     0.556    b_IBUF
    SLICE_X0Y1           LUT2 (Prop_lut2_I0_O)        0.045     0.601 r  eq_OBUF_inst_i_1/O
                         net (fo=1, routed)           0.316     0.918    eq_OBUF
    U9                   OBUF (Prop_obuf_I_O)         1.163     2.081 r  eq_OBUF_inst/O
                         net (fo=0)                   0.000     2.081    eq
    U9                                                                r  eq (OUT)
  -------------------------------------------------------------------    -------------------

Slack:                    inf
  Source:                 b
                            (input port)
  Destination:            lt
                            (output port)
  Path Group:             (none)
  Path Type:              Min at Fast Process Corner
  Data Path Delay:        2.081ns  (logic 1.396ns (67.089%)  route 0.685ns (32.911%))
  Logic Levels:           3  (IBUF=1 LUT2=1 OBUF=1)

    Location             Delay type                Incr(ns)  Path(ns)    Netlist Resource(s)
  -------------------------------------------------------------------    -------------------
    V9                                                0.000     0.000 r  b (IN)
                         net (fo=0)                   0.000     0.000    b
    V9                   IBUF (Prop_ibuf_I_O)         0.216     0.216 r  b_IBUF_inst/O
                         net (fo=3, routed)           0.335     0.552    b_IBUF
    SLICE_X0Y1           LUT2 (Prop_lut2_I0_O)        0.045     0.597 r  lt_OBUF_inst_i_1/O
                         net (fo=1, routed)           0.350     0.946    lt_OBUF
    U11                  OBUF (Prop_obuf_I_O)         1.135     2.081 r  lt_OBUF_inst/O
                         net (fo=0)                   0.000     2.081    lt
    U11                                                               r  lt (OUT)
  -------------------------------------------------------------------    -------------------

Slack:                    inf
  Source:                 b
                            (input port)
  Destination:            gt
                            (output port)
  Path Group:             (none)
  Path Type:              Min at Fast Process Corner
  Data Path Delay:        2.148ns  (logic 1.463ns (68.115%)  route 0.685ns (31.885%))
  Logic Levels:           3  (IBUF=1 LUT2=1 OBUF=1)

    Location             Delay type                Incr(ns)  Path(ns)    Netlist Resource(s)
  -------------------------------------------------------------------    -------------------
    V9                                                0.000     0.000 f  b (IN)
                         net (fo=0)                   0.000     0.000    b
    V9                   IBUF (Prop_ibuf_I_O)         0.216     0.216 f  b_IBUF_inst/O
                         net (fo=3, routed)           0.335     0.552    b_IBUF
    SLICE_X0Y1           LUT2 (Prop_lut2_I1_O)        0.048     0.600 r  gt_OBUF_inst_i_1/O
                         net (fo=1, routed)           0.349     0.949    gt_OBUF
    V11                  OBUF (Prop_obuf_I_O)         1.198     2.148 r  gt_OBUF_inst/O
                         net (fo=0)                   0.000     2.148    gt
    V11                                                               r  gt (OUT)
  -------------------------------------------------------------------    -------------------





